Apr 26, 2015 12:44:59 AM org.apache.catalina.core.AprLifecycleListener lifecycleEvent
INFO: Loaded APR based Apache Tomcat Native library 1.1.32 using APR version 1.5.1.
Apr 26, 2015 12:44:59 AM org.apache.catalina.core.AprLifecycleListener lifecycleEvent
INFO: APR capabilities: IPv6 [true], sendfile [true], accept filters [false], random [true].
Apr 26, 2015 12:45:00 AM org.apache.catalina.core.AprLifecycleListener initializeSSL
INFO: OpenSSL successfully initialized (OpenSSL 1.0.1j 15 Oct 2014)
Apr 26, 2015 12:45:01 AM org.apache.coyote.AbstractProtocol init
INFO: Initializing ProtocolHandler ["http-apr-8080"]
Apr 26, 2015 12:45:01 AM org.apache.coyote.AbstractProtocol init
INFO: Initializing ProtocolHandler ["ajp-apr-8009"]
Apr 26, 2015 12:45:01 AM org.apache.coyote.AbstractProtocol init
INFO: Initializing ProtocolHandler ["http-bio-8443"]
Apr 26, 2015 12:45:01 AM org.apache.catalina.startup.Catalina load
INFO: Initialization processed in 2815 ms
Apr 26, 2015 12:45:01 AM org.apache.catalina.core.StandardService startInternal
INFO: Starting service Catalina
Apr 26, 2015 12:45:01 AM org.apache.catalina.core.StandardEngine startInternal
INFO: Starting Servlet Engine: Apache Tomcat/7.0.59
Apr 26, 2015 12:45:01 AM org.apache.catalina.startup.HostConfig deployDescriptor
INFO: Deploying configuration descriptor C:\Alfresco\tomcat\conf\Catalina\localhost\solr.xml
Apr 26, 2015 12:45:02 AM org.apache.catalina.startup.SetContextPropertiesRule begin
WARNING: [SetContextPropertiesRule]{Context} Setting property 'debug' to '0' did not find a matching property.
Apr 26, 2015 12:45:29 AM org.apache.catalina.startup.HostConfig deployDescriptor
INFO: Deployment of configuration descriptor C:\Alfresco\tomcat\conf\Catalina\localhost\solr.xml has finished in 27,712 ms
Apr 26, 2015 12:45:29 AM org.apache.catalina.startup.HostConfig deployDescriptor
INFO: Deploying configuration descriptor C:\Alfresco\tomcat\conf\Catalina\localhost\solr4.xml
Apr 26, 2015 12:45:29 AM org.apache.catalina.startup.SetContextPropertiesRule begin
WARNING: [SetContextPropertiesRule]{Context} Setting property 'debug' to '0' did not find a matching property.
Apr 26, 2015 12:45:55 AM org.apache.catalina.startup.HostConfig deployDescriptor
INFO: Deployment of configuration descriptor C:\Alfresco\tomcat\conf\Catalina\localhost\solr4.xml has finished in 26,124 ms
Apr 26, 2015 12:45:55 AM org.apache.catalina.startup.HostConfig deployDirectory
INFO: Deploying web application directory C:\Alfresco\tomcat\webapps\alfresco
Apr 26, 2015 12:48:43 AM org.apache.catalina.startup.HostConfig deployDirectory
INFO: Deployment of web application directory C:\Alfresco\tomcat\webapps\alfresco has finished in 167,296 ms
Apr 26, 2015 12:48:43 AM org.apache.catalina.startup.HostConfig deployDirectory
INFO: Deploying web application directory C:\Alfresco\tomcat\webapps\awe
Apr 26, 2015 12:49:01 AM org.apache.catalina.startup.HostConfig deployDirectory
INFO: Deployment of web application directory C:\Alfresco\tomcat\webapps\awe has finished in 18,664 ms
Apr 26, 2015 12:49:01 AM org.apache.catalina.startup.HostConfig deployDirectory
INFO: Deploying web application directory C:\Alfresco\tomcat\webapps\host-manager
Apr 26, 2015 12:49:02 AM org.apache.catalina.startup.HostConfig deployDirectory
INFO: Deployment of web application directory C:\Alfresco\tomcat\webapps\host-manager has finished in 195 ms
Apr 26, 2015 12:49:02 AM org.apache.catalina.startup.HostConfig deployDirectory
INFO: Deploying web application directory C:\Alfresco\tomcat\webapps\manager
Apr 26, 2015 12:49:02 AM org.apache.catalina.startup.HostConfig deployDirectory
INFO: Deployment of web application directory C:\Alfresco\tomcat\webapps\manager has finished in 175 ms
Apr 26, 2015 12:49:02 AM org.apache.catalina.startup.HostConfig deployDirectory
INFO: Deploying web application directory C:\Alfresco\tomcat\webapps\share
Apr 26, 2015 12:49:50 AM org.apache.catalina.startup.HostConfig deployDirectory
INFO: Deployment of web application directory C:\Alfresco\tomcat\webapps\share has finished in 48,756 ms
Apr 26, 2015 12:49:50 AM org.apache.catalina.startup.HostConfig deployDirectory
INFO: Deploying web application directory C:\Alfresco\tomcat\webapps\wcmqs
Apr 26, 2015 12:50:14 AM org.apache.catalina.startup.HostConfig deployDirectory
INFO: Deployment of web application directory C:\Alfresco\tomcat\webapps\wcmqs has finished in 23,845 ms
Apr 26, 2015 12:50:14 AM org.apache.coyote.AbstractProtocol start
INFO: Starting ProtocolHandler ["http-apr-8080"]
Apr 26, 2015 12:50:14 AM org.apache.coyote.AbstractProtocol start
INFO: Starting ProtocolHandler ["ajp-apr-8009"]
Apr 26, 2015 12:50:14 AM org.apache.coyote.AbstractProtocol start
INFO: Starting ProtocolHandler ["http-bio-8443"]
Apr 26, 2015 12:50:14 AM org.apache.catalina.startup.Catalina start
INFO: Server startup in 312952 ms
Apr 26, 2015 1:05:36 AM org.apache.coyote.AbstractProtocol pause
INFO: Pausing ProtocolHandler ["http-apr-8080"]
Apr 26, 2015 1:05:36 AM org.apache.coyote.AbstractProtocol pause
INFO: Pausing ProtocolHandler ["ajp-apr-8009"]
Apr 26, 2015 1:05:36 AM org.apache.coyote.AbstractProtocol pause
INFO: Pausing ProtocolHandler ["http-bio-8443"]
Apr 26, 2015 1:05:36 AM org.apache.catalina.core.StandardService stopInternal
INFO: Stopping service Catalina
Apr 26, 2015 1:07:28 AM org.apache.catalina.core.AprLifecycleListener lifecycleEvent
INFO: Loaded APR based Apache Tomcat Native library 1.1.32 using APR version 1.5.1.
Apr 26, 2015 1:07:28 AM org.apache.catalina.core.AprLifecycleListener lifecycleEvent
INFO: APR capabilities: IPv6 [true], sendfile [true], accept filters [false], random [true].
Apr 26, 2015 1:07:29 AM org.apache.catalina.core.AprLifecycleListener initializeSSL
INFO: OpenSSL successfully initialized (OpenSSL 1.0.1j 15 Oct 2014)
Apr 26, 2015 1:07:29 AM org.apache.coyote.AbstractProtocol init
INFO: Initializing ProtocolHandler ["http-apr-8080"]
Apr 26, 2015 1:07:29 AM org.apache.coyote.AbstractProtocol init
INFO: Initializing ProtocolHandler ["ajp-apr-8009"]
Apr 26, 2015 1:07:29 AM org.apache.coyote.AbstractProtocol init
INFO: Initializing ProtocolHandler ["http-bio-8443"]
Apr 26, 2015 1:07:30 AM org.apache.catalina.startup.Catalina load
INFO: Initialization processed in 2716 ms
Apr 26, 2015 1:07:30 AM org.apache.catalina.core.StandardService startInternal
INFO: Starting service Catalina
Apr 26, 2015 1:07:30 AM org.apache.catalina.core.StandardEngine startInternal
INFO: Starting Servlet Engine: Apache Tomcat/7.0.59
Apr 26, 2015 1:07:30 AM org.apache.catalina.startup.HostConfig deployDescriptor
INFO: Deploying configuration descriptor C:\Alfresco\tomcat\conf\Catalina\localhost\solr.xml
Apr 26, 2015 1:07:30 AM org.apache.catalina.startup.SetContextPropertiesRule begin
WARNING: [SetContextPropertiesRule]{Context} Setting property 'debug' to '0' did not find a matching property.
Apr 26, 2015 1:07:51 AM org.apache.catalina.startup.HostConfig deployDescriptor
INFO: Deployment of configuration descriptor C:\Alfresco\tomcat\conf\Catalina\localhost\solr.xml has finished in 20,648 ms
Apr 26, 2015 1:07:51 AM org.apache.catalina.startup.HostConfig deployDescriptor
INFO: Deploying configuration descriptor C:\Alfresco\tomcat\conf\Catalina\localhost\solr4.xml
Apr 26, 2015 1:07:51 AM org.apache.catalina.startup.SetContextPropertiesRule begin
WARNING: [SetContextPropertiesRule]{Context} Setting property 'debug' to '0' did not find a matching property.
Apr 26, 2015 1:08:09 AM org.apache.catalina.startup.HostConfig deployDescriptor
INFO: Deployment of configuration descriptor C:\Alfresco\tomcat\conf\Catalina\localhost\solr4.xml has finished in 18,404 ms
Apr 26, 2015 1:08:09 AM org.apache.catalina.startup.HostConfig deployDirectory
INFO: Deploying web application directory C:\Alfresco\tomcat\webapps\alfresco
Apr 26, 2015 1:10:24 AM org.apache.catalina.startup.HostConfig deployDirectory
INFO: Deployment of web application directory C:\Alfresco\tomcat\webapps\alfresco has finished in 134,628 ms
Apr 26, 2015 1:10:24 AM org.apache.catalina.startup.HostConfig deployDirectory
INFO: Deploying web application directory C:\Alfresco\tomcat\webapps\awe
Apr 26, 2015 1:10:36 AM org.apache.catalina.startup.HostConfig deployDirectory
INFO: Deployment of web application directory C:\Alfresco\tomcat\webapps\awe has finished in 12,442 ms
Apr 26, 2015 1:10:36 AM org.apache.catalina.startup.HostConfig deployDirectory
INFO: Deploying web application directory C:\Alfresco\tomcat\webapps\host-manager
Apr 26, 2015 1:10:36 AM org.apache.catalina.startup.HostConfig deployDirectory
INFO: Deployment of web application directory C:\Alfresco\tomcat\webapps\host-manager has finished in 141 ms
Apr 26, 2015 1:10:36 AM org.apache.catalina.startup.HostConfig deployDirectory
INFO: Deploying web application directory C:\Alfresco\tomcat\webapps\manager
Apr 26, 2015 1:10:37 AM org.apache.catalina.startup.HostConfig deployDirectory
INFO: Deployment of web application directory C:\Alfresco\tomcat\webapps\manager has finished in 142 ms
Apr 26, 2015 1:10:37 AM org.apache.catalina.startup.HostConfig deployDirectory
INFO: Deploying web application directory C:\Alfresco\tomcat\webapps\share
Apr 26, 2015 1:11:10 AM org.apache.catalina.startup.HostConfig deployDirectory
INFO: Deployment of web application directory C:\Alfresco\tomcat\webapps\share has finished in 33,058 ms
Apr 26, 2015 1:11:10 AM org.apache.catalina.startup.HostConfig deployDirectory
INFO: Deploying web application directory C:\Alfresco\tomcat\webapps\wcmqs
Apr 26, 2015 1:11:29 AM org.apache.catalina.startup.HostConfig deployDirectory
INFO: Deployment of web application directory C:\Alfresco\tomcat\webapps\wcmqs has finished in 18,967 ms
Apr 26, 2015 1:11:29 AM org.apache.coyote.AbstractProtocol start
INFO: Starting ProtocolHandler ["http-apr-8080"]
Apr 26, 2015 1:11:29 AM org.apache.coyote.AbstractProtocol start
INFO: Starting ProtocolHandler ["ajp-apr-8009"]
Apr 26, 2015 1:11:29 AM org.apache.coyote.AbstractProtocol start
INFO: Starting ProtocolHandler ["http-bio-8443"]
Apr 26, 2015 1:11:29 AM org.apache.catalina.startup.Catalina start
INFO: Server startup in 238591 ms
Apr 26, 2015 1:15:21 AM org.apache.coyote.AbstractProtocol pause
INFO: Pausing ProtocolHandler ["http-apr-8080"]
Apr 26, 2015 1:15:21 AM org.apache.coyote.AbstractProtocol pause
INFO: Pausing ProtocolHandler ["ajp-apr-8009"]
Apr 26, 2015 1:15:21 AM org.apache.coyote.AbstractProtocol pause
INFO: Pausing ProtocolHandler ["http-bio-8443"]
Apr 26, 2015 1:15:21 AM org.apache.catalina.core.StandardService stopInternal
INFO: Stopping service Catalina
Apr 26, 2015 1:17:29 AM org.apache.catalina.core.AprLifecycleListener lifecycleEvent
INFO: Loaded APR based Apache Tomcat Native library 1.1.32 using APR version 1.5.1.
Apr 26, 2015 1:17:29 AM org.apache.catalina.core.AprLifecycleListener lifecycleEvent
INFO: APR capabilities: IPv6 [true], sendfile [true], accept filters [false], random [true].
Apr 26, 2015 1:17:31 AM org.apache.catalina.core.AprLifecycleListener initializeSSL
INFO: OpenSSL successfully initialized (OpenSSL 1.0.1j 15 Oct 2014)
Apr 26, 2015 1:17:31 AM org.apache.coyote.AbstractProtocol init
INFO: Initializing ProtocolHandler ["http-apr-8080"]
Apr 26, 2015 1:17:31 AM org.apache.coyote.AbstractProtocol init
INFO: Initializing ProtocolHandler ["ajp-apr-8009"]
Apr 26, 2015 1:17:31 AM org.apache.coyote.AbstractProtocol init
INFO: Initializing ProtocolHandler ["http-bio-8443"]
Apr 26, 2015 1:17:31 AM org.apache.catalina.startup.Catalina load
INFO: Initialization processed in 2768 ms
Apr 26, 2015 1:17:31 AM org.apache.catalina.core.StandardService startInternal
INFO: Starting service Catalina
Apr 26, 2015 1:17:31 AM org.apache.catalina.core.StandardEngine startInternal
INFO: Starting Servlet Engine: Apache Tomcat/7.0.59
Apr 26, 2015 1:17:32 AM org.apache.catalina.startup.HostConfig deployDescriptor
INFO: Deploying configuration descriptor C:\Alfresco\tomcat\conf\Catalina\localhost\solr.xml
Apr 26, 2015 1:17:32 AM org.apache.catalina.startup.SetContextPropertiesRule begin
WARNING: [SetContextPropertiesRule]{Context} Setting property 'debug' to '0' did not find a matching property.
Apr 26, 2015 1:17:53 AM org.apache.catalina.startup.HostConfig deployDescriptor
INFO: Deployment of configuration descriptor C:\Alfresco\tomcat\conf\Catalina\localhost\solr.xml has finished in 21,176 ms
Apr 26, 2015 1:17:53 AM org.apache.catalina.startup.HostConfig deployDescriptor
INFO: Deploying configuration descriptor C:\Alfresco\tomcat\conf\Catalina\localhost\solr4.xml
Apr 26, 2015 1:17:53 AM org.apache.catalina.startup.SetContextPropertiesRule begin
WARNING: [SetContextPropertiesRule]{Context} Setting property 'debug' to '0' did not find a matching property.
Apr 26, 2015 1:18:12 AM org.apache.catalina.startup.HostConfig deployDescriptor
INFO: Deployment of configuration descriptor C:\Alfresco\tomcat\conf\Catalina\localhost\solr4.xml has finished in 19,257 ms
Apr 26, 2015 1:18:12 AM org.apache.catalina.startup.HostConfig deployDirectory
INFO: Deploying web application directory C:\Alfresco\tomcat\webapps\alfresco
Apr 26, 2015 1:20:23 AM org.apache.catalina.startup.HostConfig deployDirectory
INFO: Deployment of web application directory C:\Alfresco\tomcat\webapps\alfresco has finished in 131,297 ms
Apr 26, 2015 1:20:23 AM org.apache.catalina.startup.HostConfig deployDirectory
INFO: Deploying web application directory C:\Alfresco\tomcat\webapps\awe
Apr 26, 2015 1:20:36 AM org.apache.catalina.startup.HostConfig deployDirectory
INFO: Deployment of web application directory C:\Alfresco\tomcat\webapps\awe has finished in 12,850 ms
Apr 26, 2015 1:20:36 AM org.apache.catalina.startup.HostConfig deployDirectory
INFO: Deploying web application directory C:\Alfresco\tomcat\webapps\host-manager
Apr 26, 2015 1:20:36 AM org.apache.catalina.startup.HostConfig deployDirectory
INFO: Deployment of web application directory C:\Alfresco\tomcat\webapps\host-manager has finished in 194 ms
Apr 26, 2015 1:20:36 AM org.apache.catalina.startup.HostConfig deployDirectory
INFO: Deploying web application directory C:\Alfresco\tomcat\webapps\manager
Apr 26, 2015 1:20:36 AM org.apache.catalina.startup.HostConfig deployDirectory
INFO: Deployment of web application directory C:\Alfresco\tomcat\webapps\manager has finished in 156 ms
Apr 26, 2015 1:20:36 AM org.apache.catalina.startup.HostConfig deployDirectory
INFO: Deploying web application directory C:\Alfresco\tomcat\webapps\share
Apr 26, 2015 1:21:10 AM org.apache.catalina.startup.HostConfig deployDirectory
INFO: Deployment of web application directory C:\Alfresco\tomcat\webapps\share has finished in 33,920 ms
Apr 26, 2015 1:21:10 AM org.apache.catalina.startup.HostConfig deployDirectory
INFO: Deploying web application directory C:\Alfresco\tomcat\webapps\wcmqs
Apr 26, 2015 1:21:29 AM org.apache.catalina.startup.HostConfig deployDirectory
INFO: Deployment of web application directory C:\Alfresco\tomcat\webapps\wcmqs has finished in 18,214 ms
Apr 26, 2015 1:21:29 AM org.apache.coyote.AbstractProtocol start
INFO: Starting ProtocolHandler ["http-apr-8080"]
Apr 26, 2015 1:21:29 AM org.apache.coyote.AbstractProtocol start
INFO: Starting ProtocolHandler ["ajp-apr-8009"]
Apr 26, 2015 1:21:29 AM org.apache.coyote.AbstractProtocol start
INFO: Starting ProtocolHandler ["http-bio-8443"]
Apr 26, 2015 1:21:29 AM org.apache.catalina.startup.Catalina start
INFO: Server startup in 237259 ms
Apr 26, 2015 1:31:37 AM org.apache.coyote.AbstractProtocol pause
INFO: Pausing ProtocolHandler ["http-apr-8080"]
Apr 26, 2015 1:31:37 AM org.apache.coyote.AbstractProtocol pause
INFO: Pausing ProtocolHandler ["ajp-apr-8009"]
Apr 26, 2015 1:31:37 AM org.apache.coyote.AbstractProtocol pause
INFO: Pausing ProtocolHandler ["http-bio-8443"]
Apr 26, 2015 1:31:37 AM org.apache.catalina.core.StandardService stopInternal
INFO: Stopping service Catalina
Apr 26, 2015 1:33:21 AM org.apache.catalina.core.AprLifecycleListener lifecycleEvent
INFO: Loaded APR based Apache Tomcat Native library 1.1.32 using APR version 1.5.1.
Apr 26, 2015 1:33:21 AM org.apache.catalina.core.AprLifecycleListener lifecycleEvent
INFO: APR capabilities: IPv6 [true], sendfile [true], accept filters [false], random [true].
Apr 26, 2015 1:33:22 AM org.apache.catalina.core.AprLifecycleListener initializeSSL
INFO: OpenSSL successfully initialized (OpenSSL 1.0.1j 15 Oct 2014)
Apr 26, 2015 1:33:22 AM org.apache.coyote.AbstractProtocol init
INFO: Initializing ProtocolHandler ["http-apr-8080"]
Apr 26, 2015 1:33:22 AM org.apache.coyote.AbstractProtocol init
INFO: Initializing ProtocolHandler ["ajp-apr-8009"]
Apr 26, 2015 1:33:22 AM org.apache.coyote.AbstractProtocol init
INFO: Initializing ProtocolHandler ["http-bio-8443"]
Apr 26, 2015 1:33:24 AM org.apache.catalina.startup.Catalina load
INFO: Initialization processed in 3210 ms
Apr 26, 2015 1:33:24 AM org.apache.catalina.core.StandardService startInternal
INFO: Starting service Catalina
Apr 26, 2015 1:33:24 AM org.apache.catalina.core.StandardEngine startInternal
INFO: Starting Servlet Engine: Apache Tomcat/7.0.59
Apr 26, 2015 1:33:24 AM org.apache.catalina.startup.HostConfig deployDescriptor
INFO: Deploying configuration descriptor C:\Alfresco\tomcat\conf\Catalina\localhost\solr.xml
Apr 26, 2015 1:33:24 AM org.apache.catalina.startup.SetContextPropertiesRule begin
WARNING: [SetContextPropertiesRule]{Context} Setting property 'debug' to '0' did not find a matching property.
Apr 26, 2015 1:33:50 AM org.apache.catalina.startup.HostConfig deployDescriptor
INFO: Deployment of configuration descriptor C:\Alfresco\tomcat\conf\Catalina\localhost\solr.xml has finished in 26,255 ms
Apr 26, 2015 1:33:50 AM org.apache.catalina.startup.HostConfig deployDescriptor
INFO: Deploying configuration descriptor C:\Alfresco\tomcat\conf\Catalina\localhost\solr4.xml
Apr 26, 2015 1:33:50 AM org.apache.catalina.startup.SetContextPropertiesRule begin
WARNING: [SetContextPropertiesRule]{Context} Setting property 'debug' to '0' did not find a matching property.
Apr 26, 2015 1:34:10 AM org.apache.catalina.startup.HostConfig deployDescriptor
INFO: Deployment of configuration descriptor C:\Alfresco\tomcat\conf\Catalina\localhost\solr4.xml has finished in 19,743 ms
Apr 26, 2015 1:34:10 AM org.apache.catalina.startup.HostConfig deployDirectory
INFO: Deploying web application directory C:\Alfresco\tomcat\webapps\alfresco
Apr 26, 2015 1:37:10 AM org.apache.catalina.startup.HostConfig deployDirectory
INFO: Deployment of web application directory C:\Alfresco\tomcat\webapps\alfresco has finished in 179,839 ms
Apr 26, 2015 1:37:10 AM org.apache.catalina.startup.HostConfig deployDirectory
INFO: Deploying web application directory C:\Alfresco\tomcat\webapps\awe
Apr 26, 2015 1:37:23 AM org.apache.catalina.startup.HostConfig deployDirectory
INFO: Deployment of web application directory C:\Alfresco\tomcat\webapps\awe has finished in 13,162 ms
Apr 26, 2015 1:37:23 AM org.apache.catalina.startup.HostConfig deployDirectory
INFO: Deploying web application directory C:\Alfresco\tomcat\webapps\host-manager
Apr 26, 2015 1:37:23 AM org.apache.catalina.startup.HostConfig deployDirectory
INFO: Deployment of web application directory C:\Alfresco\tomcat\webapps\host-manager has finished in 170 ms
Apr 26, 2015 1:37:23 AM org.apache.catalina.startup.HostConfig deployDirectory
INFO: Deploying web application directory C:\Alfresco\tomcat\webapps\manager
Apr 26, 2015 1:37:23 AM org.apache.catalina.startup.HostConfig deployDirectory
INFO: Deployment of web application directory C:\Alfresco\tomcat\webapps\manager has finished in 437 ms
Apr 26, 2015 1:37:23 AM org.apache.catalina.startup.HostConfig deployDirectory
INFO: Deploying web application directory C:\Alfresco\tomcat\webapps\share
Apr 26, 2015 1:38:01 AM org.apache.catalina.startup.HostConfig deployDirectory
INFO: Deployment of web application directory C:\Alfresco\tomcat\webapps\share has finished in 37,848 ms
Apr 26, 2015 1:38:01 AM org.apache.catalina.startup.HostConfig deployDirectory
INFO: Deploying web application directory C:\Alfresco\tomcat\webapps\wcmqs
Apr 26, 2015 1:38:21 AM org.apache.catalina.startup.HostConfig deployDirectory
INFO: Deployment of web application directory C:\Alfresco\tomcat\webapps\wcmqs has finished in 19,720 ms
Apr 26, 2015 1:38:21 AM org.apache.coyote.AbstractProtocol start
INFO: Starting ProtocolHandler ["http-apr-8080"]
Apr 26, 2015 1:38:21 AM org.apache.coyote.AbstractProtocol start
INFO: Starting ProtocolHandler ["ajp-apr-8009"]
Apr 26, 2015 1:38:21 AM org.apache.coyote.AbstractProtocol start
INFO: Starting ProtocolHandler ["http-bio-8443"]
Apr 26, 2015 1:38:21 AM org.apache.catalina.startup.Catalina start
INFO: Server startup in 297352 ms
Apr 26, 2015 1:39:57 AM org.apache.coyote.AbstractProtocol pause
INFO: Pausing ProtocolHandler ["http-apr-8080"]
Apr 26, 2015 1:39:57 AM org.apache.coyote.AbstractProtocol pause
INFO: Pausing ProtocolHandler ["ajp-apr-8009"]
Apr 26, 2015 1:39:57 AM org.apache.coyote.AbstractProtocol pause
INFO: Pausing ProtocolHandler ["http-bio-8443"]
Apr 26, 2015 1:39:57 AM org.apache.catalina.core.StandardService stopInternal
INFO: Stopping service Catalina
