Apr 27, 2015 11:01:49 AM org.apache.catalina.core.AprLifecycleListener lifecycleEvent
INFO: Loaded APR based Apache Tomcat Native library 1.1.32 using APR version 1.5.1.
Apr 27, 2015 11:01:49 AM org.apache.catalina.core.AprLifecycleListener lifecycleEvent
INFO: APR capabilities: IPv6 [true], sendfile [true], accept filters [false], random [true].
Apr 27, 2015 11:01:50 AM org.apache.catalina.core.AprLifecycleListener initializeSSL
INFO: OpenSSL successfully initialized (OpenSSL 1.0.1j 15 Oct 2014)
Apr 27, 2015 11:01:50 AM org.apache.coyote.AbstractProtocol init
INFO: Initializing ProtocolHandler ["http-apr-8080"]
Apr 27, 2015 11:01:50 AM org.apache.coyote.AbstractProtocol init
INFO: Initializing ProtocolHandler ["ajp-apr-8009"]
Apr 27, 2015 11:01:50 AM org.apache.coyote.AbstractProtocol init
INFO: Initializing ProtocolHandler ["http-bio-8443"]
Apr 27, 2015 11:01:51 AM org.apache.catalina.startup.Catalina load
INFO: Initialization processed in 3439 ms
Apr 27, 2015 11:01:52 AM org.apache.catalina.core.StandardService startInternal
INFO: Starting service Catalina
Apr 27, 2015 11:01:52 AM org.apache.catalina.core.StandardEngine startInternal
INFO: Starting Servlet Engine: Apache Tomcat/7.0.59
Apr 27, 2015 11:01:52 AM org.apache.catalina.startup.HostConfig deployDescriptor
INFO: Deploying configuration descriptor C:\Alfresco\tomcat\conf\Catalina\localhost\solr.xml
Apr 27, 2015 11:01:52 AM org.apache.catalina.startup.SetContextPropertiesRule begin
WARNING: [SetContextPropertiesRule]{Context} Setting property 'debug' to '0' did not find a matching property.
Apr 27, 2015 11:02:28 AM org.apache.catalina.startup.HostConfig deployDescriptor
INFO: Deployment of configuration descriptor C:\Alfresco\tomcat\conf\Catalina\localhost\solr.xml has finished in 36,723 ms
Apr 27, 2015 11:02:28 AM org.apache.catalina.startup.HostConfig deployDescriptor
INFO: Deploying configuration descriptor C:\Alfresco\tomcat\conf\Catalina\localhost\solr4.xml
Apr 27, 2015 11:02:28 AM org.apache.catalina.startup.SetContextPropertiesRule begin
WARNING: [SetContextPropertiesRule]{Context} Setting property 'debug' to '0' did not find a matching property.
Apr 27, 2015 11:02:59 AM org.apache.catalina.startup.HostConfig deployDescriptor
INFO: Deployment of configuration descriptor C:\Alfresco\tomcat\conf\Catalina\localhost\solr4.xml has finished in 30,547 ms
Apr 27, 2015 11:02:59 AM org.apache.catalina.startup.HostConfig deployDirectory
INFO: Deploying web application directory C:\Alfresco\tomcat\webapps\alfresco
Apr 27, 2015 11:05:57 AM org.apache.catalina.startup.HostConfig deployDirectory
INFO: Deployment of web application directory C:\Alfresco\tomcat\webapps\alfresco has finished in 178,630 ms
Apr 27, 2015 11:05:57 AM org.apache.catalina.startup.HostConfig deployDirectory
INFO: Deploying web application directory C:\Alfresco\tomcat\webapps\awe
Apr 27, 2015 11:06:16 AM org.apache.catalina.startup.HostConfig deployDirectory
INFO: Deployment of web application directory C:\Alfresco\tomcat\webapps\awe has finished in 18,834 ms
Apr 27, 2015 11:06:16 AM org.apache.catalina.startup.HostConfig deployDirectory
INFO: Deploying web application directory C:\Alfresco\tomcat\webapps\host-manager
Apr 27, 2015 11:06:16 AM org.apache.catalina.startup.HostConfig deployDirectory
INFO: Deployment of web application directory C:\Alfresco\tomcat\webapps\host-manager has finished in 166 ms
Apr 27, 2015 11:06:16 AM org.apache.catalina.startup.HostConfig deployDirectory
INFO: Deploying web application directory C:\Alfresco\tomcat\webapps\manager
Apr 27, 2015 11:06:17 AM org.apache.catalina.startup.HostConfig deployDirectory
INFO: Deployment of web application directory C:\Alfresco\tomcat\webapps\manager has finished in 143 ms
Apr 27, 2015 11:06:17 AM org.apache.catalina.startup.HostConfig deployDirectory
INFO: Deploying web application directory C:\Alfresco\tomcat\webapps\share
Apr 27, 2015 11:06:55 AM org.apache.catalina.startup.HostConfig deployDirectory
INFO: Deployment of web application directory C:\Alfresco\tomcat\webapps\share has finished in 38,451 ms
Apr 27, 2015 11:06:55 AM org.apache.catalina.startup.HostConfig deployDirectory
INFO: Deploying web application directory C:\Alfresco\tomcat\webapps\wcmqs
Apr 27, 2015 11:07:14 AM org.apache.catalina.startup.HostConfig deployDirectory
INFO: Deployment of web application directory C:\Alfresco\tomcat\webapps\wcmqs has finished in 19,137 ms
Apr 27, 2015 11:07:14 AM org.apache.coyote.AbstractProtocol start
INFO: Starting ProtocolHandler ["http-apr-8080"]
Apr 27, 2015 11:07:14 AM org.apache.coyote.AbstractProtocol start
INFO: Starting ProtocolHandler ["ajp-apr-8009"]
Apr 27, 2015 11:07:14 AM org.apache.coyote.AbstractProtocol start
INFO: Starting ProtocolHandler ["http-bio-8443"]
Apr 27, 2015 11:07:14 AM org.apache.catalina.startup.Catalina start
INFO: Server startup in 322848 ms
Apr 27, 2015 11:09:07 AM org.apache.coyote.AbstractProtocol pause
INFO: Pausing ProtocolHandler ["http-apr-8080"]
Apr 27, 2015 11:09:07 AM org.apache.coyote.AbstractProtocol pause
INFO: Pausing ProtocolHandler ["ajp-apr-8009"]
Apr 27, 2015 11:09:07 AM org.apache.coyote.AbstractProtocol pause
INFO: Pausing ProtocolHandler ["http-bio-8443"]
Apr 27, 2015 11:09:07 AM org.apache.catalina.core.StandardService stopInternal
INFO: Stopping service Catalina
Apr 27, 2015 11:11:25 AM org.apache.catalina.core.AprLifecycleListener lifecycleEvent
INFO: Loaded APR based Apache Tomcat Native library 1.1.32 using APR version 1.5.1.
Apr 27, 2015 11:11:25 AM org.apache.catalina.core.AprLifecycleListener lifecycleEvent
INFO: APR capabilities: IPv6 [true], sendfile [true], accept filters [false], random [true].
Apr 27, 2015 11:11:26 AM org.apache.catalina.core.AprLifecycleListener initializeSSL
INFO: OpenSSL successfully initialized (OpenSSL 1.0.1j 15 Oct 2014)
Apr 27, 2015 11:11:26 AM org.apache.coyote.AbstractProtocol init
INFO: Initializing ProtocolHandler ["http-apr-8080"]
Apr 27, 2015 11:11:26 AM org.apache.coyote.AbstractProtocol init
INFO: Initializing ProtocolHandler ["ajp-apr-8009"]
Apr 27, 2015 11:11:26 AM org.apache.coyote.AbstractProtocol init
INFO: Initializing ProtocolHandler ["http-bio-8443"]
Apr 27, 2015 11:11:27 AM org.apache.catalina.startup.Catalina load
INFO: Initialization processed in 2725 ms
Apr 27, 2015 11:11:27 AM org.apache.catalina.core.StandardService startInternal
INFO: Starting service Catalina
Apr 27, 2015 11:11:27 AM org.apache.catalina.core.StandardEngine startInternal
INFO: Starting Servlet Engine: Apache Tomcat/7.0.59
Apr 27, 2015 11:11:27 AM org.apache.catalina.startup.HostConfig deployDescriptor
INFO: Deploying configuration descriptor C:\Alfresco\tomcat\conf\Catalina\localhost\solr.xml
Apr 27, 2015 11:11:27 AM org.apache.catalina.startup.SetContextPropertiesRule begin
WARNING: [SetContextPropertiesRule]{Context} Setting property 'debug' to '0' did not find a matching property.
Apr 27, 2015 11:11:50 AM org.apache.catalina.startup.HostConfig deployDescriptor
INFO: Deployment of configuration descriptor C:\Alfresco\tomcat\conf\Catalina\localhost\solr.xml has finished in 23,306 ms
Apr 27, 2015 11:11:50 AM org.apache.catalina.startup.HostConfig deployDescriptor
INFO: Deploying configuration descriptor C:\Alfresco\tomcat\conf\Catalina\localhost\solr4.xml
Apr 27, 2015 11:11:50 AM org.apache.catalina.startup.SetContextPropertiesRule begin
WARNING: [SetContextPropertiesRule]{Context} Setting property 'debug' to '0' did not find a matching property.
Apr 27, 2015 11:12:10 AM org.apache.catalina.startup.HostConfig deployDescriptor
INFO: Deployment of configuration descriptor C:\Alfresco\tomcat\conf\Catalina\localhost\solr4.xml has finished in 19,573 ms
Apr 27, 2015 11:12:10 AM org.apache.catalina.startup.HostConfig deployDirectory
INFO: Deploying web application directory C:\Alfresco\tomcat\webapps\alfresco
Apr 27, 2015 11:14:29 AM org.apache.catalina.startup.HostConfig deployDirectory
INFO: Deployment of web application directory C:\Alfresco\tomcat\webapps\alfresco has finished in 138,982 ms
Apr 27, 2015 11:14:29 AM org.apache.catalina.startup.HostConfig deployDirectory
INFO: Deploying web application directory C:\Alfresco\tomcat\webapps\awe
Apr 27, 2015 11:14:44 AM org.apache.catalina.startup.HostConfig deployDirectory
INFO: Deployment of web application directory C:\Alfresco\tomcat\webapps\awe has finished in 14,752 ms
Apr 27, 2015 11:14:44 AM org.apache.catalina.startup.HostConfig deployDirectory
INFO: Deploying web application directory C:\Alfresco\tomcat\webapps\host-manager
Apr 27, 2015 11:14:44 AM org.apache.catalina.startup.HostConfig deployDirectory
INFO: Deployment of web application directory C:\Alfresco\tomcat\webapps\host-manager has finished in 185 ms
Apr 27, 2015 11:14:44 AM org.apache.catalina.startup.HostConfig deployDirectory
INFO: Deploying web application directory C:\Alfresco\tomcat\webapps\manager
Apr 27, 2015 11:14:44 AM org.apache.catalina.startup.HostConfig deployDirectory
INFO: Deployment of web application directory C:\Alfresco\tomcat\webapps\manager has finished in 298 ms
Apr 27, 2015 11:14:44 AM org.apache.catalina.startup.HostConfig deployDirectory
INFO: Deploying web application directory C:\Alfresco\tomcat\webapps\share
Apr 27, 2015 11:15:21 AM org.apache.catalina.startup.HostConfig deployDirectory
INFO: Deployment of web application directory C:\Alfresco\tomcat\webapps\share has finished in 36,957 ms
Apr 27, 2015 11:15:21 AM org.apache.catalina.startup.HostConfig deployDirectory
INFO: Deploying web application directory C:\Alfresco\tomcat\webapps\wcmqs
Apr 27, 2015 11:15:40 AM org.apache.catalina.startup.HostConfig deployDirectory
INFO: Deployment of web application directory C:\Alfresco\tomcat\webapps\wcmqs has finished in 18,769 ms
Apr 27, 2015 11:15:40 AM org.apache.coyote.AbstractProtocol start
INFO: Starting ProtocolHandler ["http-apr-8080"]
Apr 27, 2015 11:15:40 AM org.apache.coyote.AbstractProtocol start
INFO: Starting ProtocolHandler ["ajp-apr-8009"]
Apr 27, 2015 11:15:40 AM org.apache.coyote.AbstractProtocol start
INFO: Starting ProtocolHandler ["http-bio-8443"]
Apr 27, 2015 11:15:40 AM org.apache.catalina.startup.Catalina start
INFO: Server startup in 252998 ms
Apr 27, 2015 11:18:24 AM org.apache.coyote.AbstractProtocol pause
INFO: Pausing ProtocolHandler ["http-apr-8080"]
Apr 27, 2015 11:18:24 AM org.apache.coyote.AbstractProtocol pause
INFO: Pausing ProtocolHandler ["ajp-apr-8009"]
Apr 27, 2015 11:18:24 AM org.apache.coyote.AbstractProtocol pause
INFO: Pausing ProtocolHandler ["http-bio-8443"]
Apr 27, 2015 11:18:24 AM org.apache.catalina.core.StandardService stopInternal
INFO: Stopping service Catalina
Apr 27, 2015 11:21:40 AM org.apache.catalina.core.AprLifecycleListener lifecycleEvent
INFO: Loaded APR based Apache Tomcat Native library 1.1.32 using APR version 1.5.1.
Apr 27, 2015 11:21:40 AM org.apache.catalina.core.AprLifecycleListener lifecycleEvent
INFO: APR capabilities: IPv6 [true], sendfile [true], accept filters [false], random [true].
Apr 27, 2015 11:21:41 AM org.apache.catalina.core.AprLifecycleListener initializeSSL
INFO: OpenSSL successfully initialized (OpenSSL 1.0.1j 15 Oct 2014)
Apr 27, 2015 11:21:41 AM org.apache.coyote.AbstractProtocol init
INFO: Initializing ProtocolHandler ["http-apr-8080"]
Apr 27, 2015 11:21:41 AM org.apache.coyote.AbstractProtocol init
INFO: Initializing ProtocolHandler ["ajp-apr-8009"]
Apr 27, 2015 11:21:41 AM org.apache.coyote.AbstractProtocol init
INFO: Initializing ProtocolHandler ["http-bio-8443"]
Apr 27, 2015 11:21:42 AM org.apache.catalina.startup.Catalina load
INFO: Initialization processed in 3194 ms
Apr 27, 2015 11:21:42 AM org.apache.catalina.core.StandardService startInternal
INFO: Starting service Catalina
Apr 27, 2015 11:21:42 AM org.apache.catalina.core.StandardEngine startInternal
INFO: Starting Servlet Engine: Apache Tomcat/7.0.59
Apr 27, 2015 11:21:42 AM org.apache.catalina.startup.HostConfig deployDescriptor
INFO: Deploying configuration descriptor C:\Alfresco\tomcat\conf\Catalina\localhost\solr.xml
Apr 27, 2015 11:21:42 AM org.apache.catalina.startup.SetContextPropertiesRule begin
WARNING: [SetContextPropertiesRule]{Context} Setting property 'debug' to '0' did not find a matching property.
Apr 27, 2015 11:22:07 AM org.apache.catalina.startup.HostConfig deployDescriptor
INFO: Deployment of configuration descriptor C:\Alfresco\tomcat\conf\Catalina\localhost\solr.xml has finished in 24,526 ms
Apr 27, 2015 11:22:07 AM org.apache.catalina.startup.HostConfig deployDescriptor
INFO: Deploying configuration descriptor C:\Alfresco\tomcat\conf\Catalina\localhost\solr4.xml
Apr 27, 2015 11:22:07 AM org.apache.catalina.startup.SetContextPropertiesRule begin
WARNING: [SetContextPropertiesRule]{Context} Setting property 'debug' to '0' did not find a matching property.
Apr 27, 2015 11:22:29 AM org.apache.catalina.startup.HostConfig deployDescriptor
INFO: Deployment of configuration descriptor C:\Alfresco\tomcat\conf\Catalina\localhost\solr4.xml has finished in 21,952 ms
Apr 27, 2015 11:22:29 AM org.apache.catalina.startup.HostConfig deployDirectory
INFO: Deploying web application directory C:\Alfresco\tomcat\webapps\alfresco
Apr 27, 2015 11:24:52 AM org.apache.catalina.startup.HostConfig deployDirectory
INFO: Deployment of web application directory C:\Alfresco\tomcat\webapps\alfresco has finished in 143,847 ms
Apr 27, 2015 11:24:52 AM org.apache.catalina.startup.HostConfig deployDirectory
INFO: Deploying web application directory C:\Alfresco\tomcat\webapps\awe
Apr 27, 2015 11:25:05 AM org.apache.catalina.startup.HostConfig deployDirectory
INFO: Deployment of web application directory C:\Alfresco\tomcat\webapps\awe has finished in 12,933 ms
Apr 27, 2015 11:25:05 AM org.apache.catalina.startup.HostConfig deployDirectory
INFO: Deploying web application directory C:\Alfresco\tomcat\webapps\host-manager
Apr 27, 2015 11:25:06 AM org.apache.catalina.startup.HostConfig deployDirectory
INFO: Deployment of web application directory C:\Alfresco\tomcat\webapps\host-manager has finished in 170 ms
Apr 27, 2015 11:25:06 AM org.apache.catalina.startup.HostConfig deployDirectory
INFO: Deploying web application directory C:\Alfresco\tomcat\webapps\manager
Apr 27, 2015 11:25:06 AM org.apache.catalina.startup.HostConfig deployDirectory
INFO: Deployment of web application directory C:\Alfresco\tomcat\webapps\manager has finished in 153 ms
Apr 27, 2015 11:25:06 AM org.apache.catalina.startup.HostConfig deployDirectory
INFO: Deploying web application directory C:\Alfresco\tomcat\webapps\share
Apr 27, 2015 11:25:41 AM org.apache.catalina.startup.HostConfig deployDirectory
INFO: Deployment of web application directory C:\Alfresco\tomcat\webapps\share has finished in 35,336 ms
Apr 27, 2015 11:25:41 AM org.apache.catalina.startup.HostConfig deployDirectory
INFO: Deploying web application directory C:\Alfresco\tomcat\webapps\wcmqs
Apr 27, 2015 11:26:00 AM org.apache.catalina.startup.HostConfig deployDirectory
INFO: Deployment of web application directory C:\Alfresco\tomcat\webapps\wcmqs has finished in 18,750 ms
Apr 27, 2015 11:26:00 AM org.apache.coyote.AbstractProtocol start
INFO: Starting ProtocolHandler ["http-apr-8080"]
Apr 27, 2015 11:26:00 AM org.apache.coyote.AbstractProtocol start
INFO: Starting ProtocolHandler ["ajp-apr-8009"]
Apr 27, 2015 11:26:00 AM org.apache.coyote.AbstractProtocol start
INFO: Starting ProtocolHandler ["http-bio-8443"]
Apr 27, 2015 11:26:00 AM org.apache.catalina.startup.Catalina start
INFO: Server startup in 257843 ms
Apr 27, 2015 11:42:35 AM org.apache.coyote.AbstractProtocol pause
INFO: Pausing ProtocolHandler ["http-apr-8080"]
Apr 27, 2015 11:42:35 AM org.apache.coyote.AbstractProtocol pause
INFO: Pausing ProtocolHandler ["ajp-apr-8009"]
Apr 27, 2015 11:42:35 AM org.apache.coyote.AbstractProtocol pause
INFO: Pausing ProtocolHandler ["http-bio-8443"]
Apr 27, 2015 11:42:35 AM org.apache.catalina.core.StandardService stopInternal
INFO: Stopping service Catalina
Apr 27, 2015 11:47:33 AM org.apache.catalina.core.AprLifecycleListener lifecycleEvent
INFO: Loaded APR based Apache Tomcat Native library 1.1.32 using APR version 1.5.1.
Apr 27, 2015 11:47:33 AM org.apache.catalina.core.AprLifecycleListener lifecycleEvent
INFO: APR capabilities: IPv6 [true], sendfile [true], accept filters [false], random [true].
Apr 27, 2015 11:47:34 AM org.apache.catalina.core.AprLifecycleListener initializeSSL
INFO: OpenSSL successfully initialized (OpenSSL 1.0.1j 15 Oct 2014)
Apr 27, 2015 11:47:34 AM org.apache.coyote.AbstractProtocol init
INFO: Initializing ProtocolHandler ["http-apr-8080"]
Apr 27, 2015 11:47:34 AM org.apache.coyote.AbstractProtocol init
INFO: Initializing ProtocolHandler ["ajp-apr-8009"]
Apr 27, 2015 11:47:34 AM org.apache.coyote.AbstractProtocol init
INFO: Initializing ProtocolHandler ["http-bio-8443"]
Apr 27, 2015 11:47:35 AM org.apache.catalina.startup.Catalina load
INFO: Initialization processed in 2808 ms
Apr 27, 2015 11:47:35 AM org.apache.catalina.core.StandardService startInternal
INFO: Starting service Catalina
Apr 27, 2015 11:47:35 AM org.apache.catalina.core.StandardEngine startInternal
INFO: Starting Servlet Engine: Apache Tomcat/7.0.59
Apr 27, 2015 11:47:35 AM org.apache.catalina.startup.HostConfig deployDescriptor
INFO: Deploying configuration descriptor C:\Alfresco\tomcat\conf\Catalina\localhost\solr.xml
Apr 27, 2015 11:47:35 AM org.apache.catalina.startup.SetContextPropertiesRule begin
WARNING: [SetContextPropertiesRule]{Context} Setting property 'debug' to '0' did not find a matching property.
Apr 27, 2015 11:47:58 AM org.apache.catalina.startup.HostConfig deployDescriptor
INFO: Deployment of configuration descriptor C:\Alfresco\tomcat\conf\Catalina\localhost\solr.xml has finished in 22,445 ms
Apr 27, 2015 11:47:58 AM org.apache.catalina.startup.HostConfig deployDescriptor
INFO: Deploying configuration descriptor C:\Alfresco\tomcat\conf\Catalina\localhost\solr4.xml
Apr 27, 2015 11:47:58 AM org.apache.catalina.startup.SetContextPropertiesRule begin
WARNING: [SetContextPropertiesRule]{Context} Setting property 'debug' to '0' did not find a matching property.
Apr 27, 2015 11:48:20 AM org.apache.catalina.startup.HostConfig deployDescriptor
INFO: Deployment of configuration descriptor C:\Alfresco\tomcat\conf\Catalina\localhost\solr4.xml has finished in 22,007 ms
Apr 27, 2015 11:48:20 AM org.apache.catalina.startup.HostConfig deployDirectory
INFO: Deploying web application directory C:\Alfresco\tomcat\webapps\alfresco
Apr 27, 2015 11:50:51 AM org.apache.catalina.startup.HostConfig deployDirectory
INFO: Deployment of web application directory C:\Alfresco\tomcat\webapps\alfresco has finished in 151,561 ms
Apr 27, 2015 11:50:51 AM org.apache.catalina.startup.HostConfig deployDirectory
INFO: Deploying web application directory C:\Alfresco\tomcat\webapps\awe
Apr 27, 2015 11:51:04 AM org.apache.catalina.startup.HostConfig deployDirectory
INFO: Deployment of web application directory C:\Alfresco\tomcat\webapps\awe has finished in 12,428 ms
Apr 27, 2015 11:51:04 AM org.apache.catalina.startup.HostConfig deployDirectory
INFO: Deploying web application directory C:\Alfresco\tomcat\webapps\host-manager
Apr 27, 2015 11:51:04 AM org.apache.catalina.startup.HostConfig deployDirectory
INFO: Deployment of web application directory C:\Alfresco\tomcat\webapps\host-manager has finished in 166 ms
Apr 27, 2015 11:51:04 AM org.apache.catalina.startup.HostConfig deployDirectory
INFO: Deploying web application directory C:\Alfresco\tomcat\webapps\manager
Apr 27, 2015 11:51:04 AM org.apache.catalina.startup.HostConfig deployDirectory
INFO: Deployment of web application directory C:\Alfresco\tomcat\webapps\manager has finished in 155 ms
Apr 27, 2015 11:51:04 AM org.apache.catalina.startup.HostConfig deployDirectory
INFO: Deploying web application directory C:\Alfresco\tomcat\webapps\share
Apr 27, 2015 11:51:42 AM org.apache.catalina.startup.HostConfig deployDirectory
INFO: Deployment of web application directory C:\Alfresco\tomcat\webapps\share has finished in 37,535 ms
Apr 27, 2015 11:51:42 AM org.apache.catalina.startup.HostConfig deployDirectory
INFO: Deploying web application directory C:\Alfresco\tomcat\webapps\wcmqs
Apr 27, 2015 11:52:05 AM org.apache.catalina.startup.HostConfig deployDirectory
INFO: Deployment of web application directory C:\Alfresco\tomcat\webapps\wcmqs has finished in 23,151 ms
Apr 27, 2015 11:52:05 AM org.apache.coyote.AbstractProtocol start
INFO: Starting ProtocolHandler ["http-apr-8080"]
Apr 27, 2015 11:52:05 AM org.apache.coyote.AbstractProtocol start
INFO: Starting ProtocolHandler ["ajp-apr-8009"]
Apr 27, 2015 11:52:05 AM org.apache.coyote.AbstractProtocol start
INFO: Starting ProtocolHandler ["http-bio-8443"]
Apr 27, 2015 11:52:05 AM org.apache.catalina.startup.Catalina start
INFO: Server startup in 269617 ms
Apr 27, 2015 12:43:44 PM org.apache.coyote.AbstractProtocol pause
INFO: Pausing ProtocolHandler ["http-apr-8080"]
Apr 27, 2015 12:43:44 PM org.apache.coyote.AbstractProtocol pause
INFO: Pausing ProtocolHandler ["ajp-apr-8009"]
Apr 27, 2015 12:43:44 PM org.apache.coyote.AbstractProtocol pause
INFO: Pausing ProtocolHandler ["http-bio-8443"]
Apr 27, 2015 12:43:44 PM org.apache.catalina.core.StandardService stopInternal
INFO: Stopping service Catalina
Apr 27, 2015 12:45:56 PM org.apache.catalina.core.AprLifecycleListener lifecycleEvent
INFO: Loaded APR based Apache Tomcat Native library 1.1.32 using APR version 1.5.1.
Apr 27, 2015 12:45:56 PM org.apache.catalina.core.AprLifecycleListener lifecycleEvent
INFO: APR capabilities: IPv6 [true], sendfile [true], accept filters [false], random [true].
Apr 27, 2015 12:45:57 PM org.apache.catalina.core.AprLifecycleListener initializeSSL
INFO: OpenSSL successfully initialized (OpenSSL 1.0.1j 15 Oct 2014)
Apr 27, 2015 12:45:57 PM org.apache.coyote.AbstractProtocol init
INFO: Initializing ProtocolHandler ["http-apr-8080"]
Apr 27, 2015 12:45:57 PM org.apache.coyote.AbstractProtocol init
INFO: Initializing ProtocolHandler ["ajp-apr-8009"]
Apr 27, 2015 12:45:57 PM org.apache.coyote.AbstractProtocol init
INFO: Initializing ProtocolHandler ["http-bio-8443"]
Apr 27, 2015 12:45:58 PM org.apache.catalina.startup.Catalina load
INFO: Initialization processed in 2969 ms
Apr 27, 2015 12:45:58 PM org.apache.catalina.core.StandardService startInternal
INFO: Starting service Catalina
Apr 27, 2015 12:45:58 PM org.apache.catalina.core.StandardEngine startInternal
INFO: Starting Servlet Engine: Apache Tomcat/7.0.59
Apr 27, 2015 12:45:58 PM org.apache.catalina.startup.HostConfig deployDescriptor
INFO: Deploying configuration descriptor C:\Alfresco\tomcat\conf\Catalina\localhost\solr.xml
Apr 27, 2015 12:45:58 PM org.apache.catalina.startup.SetContextPropertiesRule begin
WARNING: [SetContextPropertiesRule]{Context} Setting property 'debug' to '0' did not find a matching property.
Apr 27, 2015 12:46:20 PM org.apache.catalina.startup.HostConfig deployDescriptor
INFO: Deployment of configuration descriptor C:\Alfresco\tomcat\conf\Catalina\localhost\solr.xml has finished in 22,092 ms
Apr 27, 2015 12:46:20 PM org.apache.catalina.startup.HostConfig deployDescriptor
INFO: Deploying configuration descriptor C:\Alfresco\tomcat\conf\Catalina\localhost\solr4.xml
Apr 27, 2015 12:46:20 PM org.apache.catalina.startup.SetContextPropertiesRule begin
WARNING: [SetContextPropertiesRule]{Context} Setting property 'debug' to '0' did not find a matching property.
Apr 27, 2015 12:46:39 PM org.apache.catalina.startup.HostConfig deployDescriptor
INFO: Deployment of configuration descriptor C:\Alfresco\tomcat\conf\Catalina\localhost\solr4.xml has finished in 18,719 ms
Apr 27, 2015 12:46:39 PM org.apache.catalina.startup.HostConfig deployDirectory
INFO: Deploying web application directory C:\Alfresco\tomcat\webapps\alfresco
Apr 27, 2015 12:48:50 PM org.apache.catalina.startup.HostConfig deployDirectory
INFO: Deployment of web application directory C:\Alfresco\tomcat\webapps\alfresco has finished in 131,108 ms
Apr 27, 2015 12:48:50 PM org.apache.catalina.startup.HostConfig deployDirectory
INFO: Deploying web application directory C:\Alfresco\tomcat\webapps\awe
Apr 27, 2015 12:49:03 PM org.apache.catalina.startup.HostConfig deployDirectory
INFO: Deployment of web application directory C:\Alfresco\tomcat\webapps\awe has finished in 12,847 ms
Apr 27, 2015 12:49:03 PM org.apache.catalina.startup.HostConfig deployDirectory
INFO: Deploying web application directory C:\Alfresco\tomcat\webapps\host-manager
Apr 27, 2015 12:49:03 PM org.apache.catalina.startup.HostConfig deployDirectory
INFO: Deployment of web application directory C:\Alfresco\tomcat\webapps\host-manager has finished in 161 ms
Apr 27, 2015 12:49:03 PM org.apache.catalina.startup.HostConfig deployDirectory
INFO: Deploying web application directory C:\Alfresco\tomcat\webapps\manager
Apr 27, 2015 12:49:03 PM org.apache.catalina.startup.HostConfig deployDirectory
INFO: Deployment of web application directory C:\Alfresco\tomcat\webapps\manager has finished in 149 ms
Apr 27, 2015 12:49:03 PM org.apache.catalina.startup.HostConfig deployDirectory
INFO: Deploying web application directory C:\Alfresco\tomcat\webapps\share
Apr 27, 2015 12:49:37 PM org.apache.catalina.startup.HostConfig deployDirectory
INFO: Deployment of web application directory C:\Alfresco\tomcat\webapps\share has finished in 33,640 ms
Apr 27, 2015 12:49:37 PM org.apache.catalina.startup.HostConfig deployDirectory
INFO: Deploying web application directory C:\Alfresco\tomcat\webapps\wcmqs
Apr 27, 2015 12:49:56 PM org.apache.catalina.startup.HostConfig deployDirectory
INFO: Deployment of web application directory C:\Alfresco\tomcat\webapps\wcmqs has finished in 18,617 ms
Apr 27, 2015 12:49:56 PM org.apache.coyote.AbstractProtocol start
INFO: Starting ProtocolHandler ["http-apr-8080"]
Apr 27, 2015 12:49:56 PM org.apache.coyote.AbstractProtocol start
INFO: Starting ProtocolHandler ["ajp-apr-8009"]
Apr 27, 2015 12:49:56 PM org.apache.coyote.AbstractProtocol start
INFO: Starting ProtocolHandler ["http-bio-8443"]
Apr 27, 2015 12:49:56 PM org.apache.catalina.startup.Catalina start
INFO: Server startup in 237515 ms
Apr 27, 2015 12:51:04 PM org.apache.coyote.AbstractProtocol pause
INFO: Pausing ProtocolHandler ["http-apr-8080"]
Apr 27, 2015 12:51:04 PM org.apache.coyote.AbstractProtocol pause
INFO: Pausing ProtocolHandler ["ajp-apr-8009"]
Apr 27, 2015 12:51:04 PM org.apache.coyote.AbstractProtocol pause
INFO: Pausing ProtocolHandler ["http-bio-8443"]
Apr 27, 2015 12:51:04 PM org.apache.catalina.core.StandardService stopInternal
INFO: Stopping service Catalina
Apr 27, 2015 2:33:43 PM org.apache.catalina.core.AprLifecycleListener lifecycleEvent
INFO: Loaded APR based Apache Tomcat Native library 1.1.32 using APR version 1.5.1.
Apr 27, 2015 2:33:43 PM org.apache.catalina.core.AprLifecycleListener lifecycleEvent
INFO: APR capabilities: IPv6 [true], sendfile [true], accept filters [false], random [true].
Apr 27, 2015 2:33:44 PM org.apache.catalina.core.AprLifecycleListener initializeSSL
INFO: OpenSSL successfully initialized (OpenSSL 1.0.1j 15 Oct 2014)
Apr 27, 2015 2:33:44 PM org.apache.coyote.AbstractProtocol init
INFO: Initializing ProtocolHandler ["http-apr-8080"]
Apr 27, 2015 2:33:44 PM org.apache.coyote.AbstractProtocol init
INFO: Initializing ProtocolHandler ["ajp-apr-8009"]
Apr 27, 2015 2:33:44 PM org.apache.coyote.AbstractProtocol init
INFO: Initializing ProtocolHandler ["http-bio-8443"]
Apr 27, 2015 2:33:45 PM org.apache.catalina.startup.Catalina load
INFO: Initialization processed in 3057 ms
Apr 27, 2015 2:33:45 PM org.apache.catalina.core.StandardService startInternal
INFO: Starting service Catalina
Apr 27, 2015 2:33:45 PM org.apache.catalina.core.StandardEngine startInternal
INFO: Starting Servlet Engine: Apache Tomcat/7.0.59
Apr 27, 2015 2:33:45 PM org.apache.catalina.startup.HostConfig deployDescriptor
INFO: Deploying configuration descriptor C:\Alfresco\tomcat\conf\Catalina\localhost\solr.xml
Apr 27, 2015 2:33:45 PM org.apache.catalina.startup.SetContextPropertiesRule begin
WARNING: [SetContextPropertiesRule]{Context} Setting property 'debug' to '0' did not find a matching property.
Apr 27, 2015 2:34:09 PM org.apache.catalina.startup.HostConfig deployDescriptor
INFO: Deployment of configuration descriptor C:\Alfresco\tomcat\conf\Catalina\localhost\solr.xml has finished in 23,188 ms
Apr 27, 2015 2:34:09 PM org.apache.catalina.startup.HostConfig deployDescriptor
INFO: Deploying configuration descriptor C:\Alfresco\tomcat\conf\Catalina\localhost\solr4.xml
Apr 27, 2015 2:34:09 PM org.apache.catalina.startup.SetContextPropertiesRule begin
WARNING: [SetContextPropertiesRule]{Context} Setting property 'debug' to '0' did not find a matching property.
Apr 27, 2015 2:34:29 PM org.apache.catalina.startup.HostConfig deployDescriptor
INFO: Deployment of configuration descriptor C:\Alfresco\tomcat\conf\Catalina\localhost\solr4.xml has finished in 20,597 ms
Apr 27, 2015 2:34:29 PM org.apache.catalina.startup.HostConfig deployDirectory
INFO: Deploying web application directory C:\Alfresco\tomcat\webapps\alfresco
Apr 27, 2015 3:18:37 PM org.apache.catalina.core.AprLifecycleListener lifecycleEvent
INFO: Loaded APR based Apache Tomcat Native library 1.1.32 using APR version 1.5.1.
Apr 27, 2015 3:18:37 PM org.apache.catalina.core.AprLifecycleListener lifecycleEvent
INFO: APR capabilities: IPv6 [true], sendfile [true], accept filters [false], random [true].
Apr 27, 2015 3:18:38 PM org.apache.catalina.core.AprLifecycleListener initializeSSL
INFO: OpenSSL successfully initialized (OpenSSL 1.0.1j 15 Oct 2014)
Apr 27, 2015 3:18:38 PM org.apache.coyote.AbstractProtocol init
INFO: Initializing ProtocolHandler ["http-apr-8080"]
Apr 27, 2015 3:18:38 PM org.apache.coyote.AbstractProtocol init
INFO: Initializing ProtocolHandler ["ajp-apr-8009"]
Apr 27, 2015 3:18:38 PM org.apache.coyote.AbstractProtocol init
INFO: Initializing ProtocolHandler ["http-bio-8443"]
Apr 27, 2015 3:18:39 PM org.apache.catalina.startup.Catalina load
INFO: Initialization processed in 2972 ms
Apr 27, 2015 3:18:39 PM org.apache.catalina.core.StandardService startInternal
INFO: Starting service Catalina
Apr 27, 2015 3:18:39 PM org.apache.catalina.core.StandardEngine startInternal
INFO: Starting Servlet Engine: Apache Tomcat/7.0.59
Apr 27, 2015 3:18:39 PM org.apache.catalina.startup.HostConfig deployDescriptor
INFO: Deploying configuration descriptor C:\Alfresco\tomcat\conf\Catalina\localhost\solr.xml
Apr 27, 2015 3:18:39 PM org.apache.catalina.startup.SetContextPropertiesRule begin
WARNING: [SetContextPropertiesRule]{Context} Setting property 'debug' to '0' did not find a matching property.
Apr 27, 2015 3:19:17 PM org.apache.catalina.startup.HostConfig deployDescriptor
INFO: Deployment of configuration descriptor C:\Alfresco\tomcat\conf\Catalina\localhost\solr.xml has finished in 37,709 ms
Apr 27, 2015 3:19:17 PM org.apache.catalina.startup.HostConfig deployDescriptor
INFO: Deploying configuration descriptor C:\Alfresco\tomcat\conf\Catalina\localhost\solr4.xml
Apr 27, 2015 3:19:17 PM org.apache.catalina.startup.SetContextPropertiesRule begin
WARNING: [SetContextPropertiesRule]{Context} Setting property 'debug' to '0' did not find a matching property.
Apr 27, 2015 3:19:53 PM org.apache.catalina.startup.HostConfig deployDescriptor
INFO: Deployment of configuration descriptor C:\Alfresco\tomcat\conf\Catalina\localhost\solr4.xml has finished in 36,291 ms
Apr 27, 2015 3:19:53 PM org.apache.catalina.startup.HostConfig deployDirectory
INFO: Deploying web application directory C:\Alfresco\tomcat\webapps\alfresco
Apr 27, 2015 3:22:18 PM org.apache.catalina.startup.HostConfig deployDirectory
INFO: Deployment of web application directory C:\Alfresco\tomcat\webapps\alfresco has finished in 144,880 ms
Apr 27, 2015 3:22:18 PM org.apache.catalina.startup.HostConfig deployDirectory
INFO: Deploying web application directory C:\Alfresco\tomcat\webapps\awe
Apr 27, 2015 3:22:31 PM org.apache.catalina.startup.HostConfig deployDirectory
INFO: Deployment of web application directory C:\Alfresco\tomcat\webapps\awe has finished in 12,472 ms
Apr 27, 2015 3:22:31 PM org.apache.catalina.startup.HostConfig deployDirectory
INFO: Deploying web application directory C:\Alfresco\tomcat\webapps\host-manager
Apr 27, 2015 3:22:31 PM org.apache.catalina.startup.HostConfig deployDirectory
INFO: Deployment of web application directory C:\Alfresco\tomcat\webapps\host-manager has finished in 196 ms
Apr 27, 2015 3:22:31 PM org.apache.catalina.startup.HostConfig deployDirectory
INFO: Deploying web application directory C:\Alfresco\tomcat\webapps\manager
Apr 27, 2015 3:22:31 PM org.apache.catalina.startup.HostConfig deployDirectory
INFO: Deployment of web application directory C:\Alfresco\tomcat\webapps\manager has finished in 151 ms
Apr 27, 2015 3:22:31 PM org.apache.catalina.startup.HostConfig deployDirectory
INFO: Deploying web application directory C:\Alfresco\tomcat\webapps\share
Apr 27, 2015 3:23:06 PM org.apache.catalina.startup.HostConfig deployDirectory
INFO: Deployment of web application directory C:\Alfresco\tomcat\webapps\share has finished in 35,100 ms
Apr 27, 2015 3:23:06 PM org.apache.catalina.startup.HostConfig deployDirectory
INFO: Deploying web application directory C:\Alfresco\tomcat\webapps\wcmqs
Apr 27, 2015 3:23:28 PM org.apache.catalina.startup.HostConfig deployDirectory
INFO: Deployment of web application directory C:\Alfresco\tomcat\webapps\wcmqs has finished in 21,751 ms
Apr 27, 2015 3:23:28 PM org.apache.coyote.AbstractProtocol start
INFO: Starting ProtocolHandler ["http-apr-8080"]
Apr 27, 2015 3:23:28 PM org.apache.coyote.AbstractProtocol start
INFO: Starting ProtocolHandler ["ajp-apr-8009"]
Apr 27, 2015 3:23:28 PM org.apache.coyote.AbstractProtocol start
INFO: Starting ProtocolHandler ["http-bio-8443"]
Apr 27, 2015 3:23:28 PM org.apache.catalina.startup.Catalina start
INFO: Server startup in 288742 ms
Apr 27, 2015 3:24:36 PM org.apache.coyote.AbstractProtocol pause
INFO: Pausing ProtocolHandler ["http-apr-8080"]
Apr 27, 2015 3:24:36 PM org.apache.coyote.AbstractProtocol pause
INFO: Pausing ProtocolHandler ["ajp-apr-8009"]
Apr 27, 2015 3:24:36 PM org.apache.coyote.AbstractProtocol pause
INFO: Pausing ProtocolHandler ["http-bio-8443"]
Apr 27, 2015 3:24:36 PM org.apache.catalina.core.StandardService stopInternal
INFO: Stopping service Catalina
Apr 27, 2015 3:29:27 PM org.apache.catalina.core.AprLifecycleListener lifecycleEvent
INFO: Loaded APR based Apache Tomcat Native library 1.1.32 using APR version 1.5.1.
Apr 27, 2015 3:29:27 PM org.apache.catalina.core.AprLifecycleListener lifecycleEvent
INFO: APR capabilities: IPv6 [true], sendfile [true], accept filters [false], random [true].
Apr 27, 2015 3:29:28 PM org.apache.catalina.core.AprLifecycleListener initializeSSL
INFO: OpenSSL successfully initialized (OpenSSL 1.0.1j 15 Oct 2014)
Apr 27, 2015 3:29:28 PM org.apache.coyote.AbstractProtocol init
INFO: Initializing ProtocolHandler ["http-apr-8080"]
Apr 27, 2015 3:29:28 PM org.apache.coyote.AbstractProtocol init
INFO: Initializing ProtocolHandler ["ajp-apr-8009"]
Apr 27, 2015 3:29:28 PM org.apache.coyote.AbstractProtocol init
INFO: Initializing ProtocolHandler ["http-bio-8443"]
Apr 27, 2015 3:29:29 PM org.apache.catalina.startup.Catalina load
INFO: Initialization processed in 2735 ms
Apr 27, 2015 3:29:29 PM org.apache.catalina.core.StandardService startInternal
INFO: Starting service Catalina
Apr 27, 2015 3:29:29 PM org.apache.catalina.core.StandardEngine startInternal
INFO: Starting Servlet Engine: Apache Tomcat/7.0.59
Apr 27, 2015 3:29:29 PM org.apache.catalina.startup.HostConfig deployDescriptor
INFO: Deploying configuration descriptor C:\Alfresco\tomcat\conf\Catalina\localhost\solr.xml
Apr 27, 2015 3:29:29 PM org.apache.catalina.startup.SetContextPropertiesRule begin
WARNING: [SetContextPropertiesRule]{Context} Setting property 'debug' to '0' did not find a matching property.
Apr 27, 2015 3:29:51 PM org.apache.catalina.startup.HostConfig deployDescriptor
INFO: Deployment of configuration descriptor C:\Alfresco\tomcat\conf\Catalina\localhost\solr.xml has finished in 22,659 ms
Apr 27, 2015 3:29:51 PM org.apache.catalina.startup.HostConfig deployDescriptor
INFO: Deploying configuration descriptor C:\Alfresco\tomcat\conf\Catalina\localhost\solr4.xml
Apr 27, 2015 3:29:51 PM org.apache.catalina.startup.SetContextPropertiesRule begin
WARNING: [SetContextPropertiesRule]{Context} Setting property 'debug' to '0' did not find a matching property.
Apr 27, 2015 3:30:11 PM org.apache.catalina.startup.HostConfig deployDescriptor
INFO: Deployment of configuration descriptor C:\Alfresco\tomcat\conf\Catalina\localhost\solr4.xml has finished in 19,327 ms
Apr 27, 2015 3:30:11 PM org.apache.catalina.startup.HostConfig deployDirectory
INFO: Deploying web application directory C:\Alfresco\tomcat\webapps\alfresco
Apr 27, 2015 3:32:28 PM org.apache.catalina.startup.HostConfig deployDirectory
INFO: Deployment of web application directory C:\Alfresco\tomcat\webapps\alfresco has finished in 137,573 ms
Apr 27, 2015 3:32:28 PM org.apache.catalina.startup.HostConfig deployDirectory
INFO: Deploying web application directory C:\Alfresco\tomcat\webapps\awe
Apr 27, 2015 3:32:42 PM org.apache.catalina.startup.HostConfig deployDirectory
INFO: Deployment of web application directory C:\Alfresco\tomcat\webapps\awe has finished in 13,516 ms
Apr 27, 2015 3:32:42 PM org.apache.catalina.startup.HostConfig deployDirectory
INFO: Deploying web application directory C:\Alfresco\tomcat\webapps\host-manager
Apr 27, 2015 3:32:42 PM org.apache.catalina.startup.HostConfig deployDirectory
INFO: Deployment of web application directory C:\Alfresco\tomcat\webapps\host-manager has finished in 644 ms
Apr 27, 2015 3:32:42 PM org.apache.catalina.startup.HostConfig deployDirectory
INFO: Deploying web application directory C:\Alfresco\tomcat\webapps\manager
Apr 27, 2015 3:32:43 PM org.apache.catalina.startup.HostConfig deployDirectory
INFO: Deployment of web application directory C:\Alfresco\tomcat\webapps\manager has finished in 739 ms
Apr 27, 2015 3:32:43 PM org.apache.catalina.startup.HostConfig deployDirectory
INFO: Deploying web application directory C:\Alfresco\tomcat\webapps\share
Apr 27, 2015 3:33:19 PM org.apache.catalina.startup.HostConfig deployDirectory
INFO: Deployment of web application directory C:\Alfresco\tomcat\webapps\share has finished in 36,152 ms
Apr 27, 2015 3:33:19 PM org.apache.catalina.startup.HostConfig deployDirectory
INFO: Deploying web application directory C:\Alfresco\tomcat\webapps\wcmqs
Apr 27, 2015 3:33:38 PM org.apache.catalina.startup.HostConfig deployDirectory
INFO: Deployment of web application directory C:\Alfresco\tomcat\webapps\wcmqs has finished in 19,168 ms
Apr 27, 2015 3:33:38 PM org.apache.coyote.AbstractProtocol start
INFO: Starting ProtocolHandler ["http-apr-8080"]
Apr 27, 2015 3:33:38 PM org.apache.coyote.AbstractProtocol start
INFO: Starting ProtocolHandler ["ajp-apr-8009"]
Apr 27, 2015 3:33:38 PM org.apache.coyote.AbstractProtocol start
INFO: Starting ProtocolHandler ["http-bio-8443"]
Apr 27, 2015 3:33:38 PM org.apache.catalina.startup.Catalina start
INFO: Server startup in 249950 ms
Apr 27, 2015 3:36:21 PM org.apache.coyote.AbstractProtocol pause
INFO: Pausing ProtocolHandler ["http-apr-8080"]
Apr 27, 2015 3:36:21 PM org.apache.coyote.AbstractProtocol pause
INFO: Pausing ProtocolHandler ["ajp-apr-8009"]
Apr 27, 2015 3:36:21 PM org.apache.coyote.AbstractProtocol pause
INFO: Pausing ProtocolHandler ["http-bio-8443"]
Apr 27, 2015 3:36:21 PM org.apache.catalina.core.StandardService stopInternal
INFO: Stopping service Catalina
Apr 27, 2015 3:44:20 PM org.apache.catalina.core.AprLifecycleListener lifecycleEvent
INFO: Loaded APR based Apache Tomcat Native library 1.1.32 using APR version 1.5.1.
Apr 27, 2015 3:44:20 PM org.apache.catalina.core.AprLifecycleListener lifecycleEvent
INFO: APR capabilities: IPv6 [true], sendfile [true], accept filters [false], random [true].
Apr 27, 2015 3:44:21 PM org.apache.catalina.core.AprLifecycleListener initializeSSL
INFO: OpenSSL successfully initialized (OpenSSL 1.0.1j 15 Oct 2014)
Apr 27, 2015 3:44:21 PM org.apache.coyote.AbstractProtocol init
INFO: Initializing ProtocolHandler ["http-apr-8080"]
Apr 27, 2015 3:44:21 PM org.apache.coyote.AbstractProtocol init
INFO: Initializing ProtocolHandler ["ajp-apr-8009"]
Apr 27, 2015 3:44:21 PM org.apache.coyote.AbstractProtocol init
INFO: Initializing ProtocolHandler ["http-bio-8443"]
Apr 27, 2015 3:44:22 PM org.apache.catalina.startup.Catalina load
INFO: Initialization processed in 2956 ms
Apr 27, 2015 3:44:22 PM org.apache.catalina.core.StandardService startInternal
INFO: Starting service Catalina
Apr 27, 2015 3:44:22 PM org.apache.catalina.core.StandardEngine startInternal
INFO: Starting Servlet Engine: Apache Tomcat/7.0.59
Apr 27, 2015 3:44:22 PM org.apache.catalina.startup.HostConfig deployDescriptor
INFO: Deploying configuration descriptor C:\Alfresco\tomcat\conf\Catalina\localhost\solr.xml
Apr 27, 2015 3:44:22 PM org.apache.catalina.startup.SetContextPropertiesRule begin
WARNING: [SetContextPropertiesRule]{Context} Setting property 'debug' to '0' did not find a matching property.
Apr 27, 2015 3:44:49 PM org.apache.catalina.startup.HostConfig deployDescriptor
INFO: Deployment of configuration descriptor C:\Alfresco\tomcat\conf\Catalina\localhost\solr.xml has finished in 27,452 ms
Apr 27, 2015 3:44:49 PM org.apache.catalina.startup.HostConfig deployDescriptor
INFO: Deploying configuration descriptor C:\Alfresco\tomcat\conf\Catalina\localhost\solr4.xml
Apr 27, 2015 3:44:49 PM org.apache.catalina.startup.SetContextPropertiesRule begin
WARNING: [SetContextPropertiesRule]{Context} Setting property 'debug' to '0' did not find a matching property.
Apr 27, 2015 3:45:10 PM org.apache.catalina.startup.HostConfig deployDescriptor
INFO: Deployment of configuration descriptor C:\Alfresco\tomcat\conf\Catalina\localhost\solr4.xml has finished in 20,314 ms
Apr 27, 2015 3:45:10 PM org.apache.catalina.startup.HostConfig deployDirectory
INFO: Deploying web application directory C:\Alfresco\tomcat\webapps\alfresco
Apr 27, 2015 3:47:31 PM org.apache.catalina.startup.HostConfig deployDirectory
INFO: Deployment of web application directory C:\Alfresco\tomcat\webapps\alfresco has finished in 141,033 ms
Apr 27, 2015 3:47:31 PM org.apache.catalina.startup.HostConfig deployDirectory
INFO: Deploying web application directory C:\Alfresco\tomcat\webapps\awe
Apr 27, 2015 3:47:44 PM org.apache.catalina.startup.HostConfig deployDirectory
INFO: Deployment of web application directory C:\Alfresco\tomcat\webapps\awe has finished in 13,195 ms
Apr 27, 2015 3:47:44 PM org.apache.catalina.startup.HostConfig deployDirectory
INFO: Deploying web application directory C:\Alfresco\tomcat\webapps\host-manager
Apr 27, 2015 3:47:45 PM org.apache.catalina.startup.HostConfig deployDirectory
INFO: Deployment of web application directory C:\Alfresco\tomcat\webapps\host-manager has finished in 641 ms
Apr 27, 2015 3:47:45 PM org.apache.catalina.startup.HostConfig deployDirectory
INFO: Deploying web application directory C:\Alfresco\tomcat\webapps\manager
Apr 27, 2015 3:47:45 PM org.apache.catalina.startup.HostConfig deployDirectory
INFO: Deployment of web application directory C:\Alfresco\tomcat\webapps\manager has finished in 714 ms
Apr 27, 2015 3:47:45 PM org.apache.catalina.startup.HostConfig deployDirectory
INFO: Deploying web application directory C:\Alfresco\tomcat\webapps\share
Apr 27, 2015 3:48:21 PM org.apache.catalina.startup.HostConfig deployDirectory
INFO: Deployment of web application directory C:\Alfresco\tomcat\webapps\share has finished in 35,341 ms
Apr 27, 2015 3:48:21 PM org.apache.catalina.startup.HostConfig deployDirectory
INFO: Deploying web application directory C:\Alfresco\tomcat\webapps\wcmqs
Apr 27, 2015 3:48:39 PM org.apache.catalina.startup.HostConfig deployDirectory
INFO: Deployment of web application directory C:\Alfresco\tomcat\webapps\wcmqs has finished in 18,401 ms
Apr 27, 2015 3:48:39 PM org.apache.coyote.AbstractProtocol start
INFO: Starting ProtocolHandler ["http-apr-8080"]
Apr 27, 2015 3:48:39 PM org.apache.coyote.AbstractProtocol start
INFO: Starting ProtocolHandler ["ajp-apr-8009"]
Apr 27, 2015 3:48:39 PM org.apache.coyote.AbstractProtocol start
INFO: Starting ProtocolHandler ["http-bio-8443"]
Apr 27, 2015 3:48:39 PM org.apache.catalina.startup.Catalina start
INFO: Server startup in 257246 ms
Apr 27, 2015 3:51:14 PM org.apache.coyote.AbstractProtocol pause
INFO: Pausing ProtocolHandler ["http-apr-8080"]
Apr 27, 2015 3:51:14 PM org.apache.coyote.AbstractProtocol pause
INFO: Pausing ProtocolHandler ["ajp-apr-8009"]
Apr 27, 2015 3:51:14 PM org.apache.coyote.AbstractProtocol pause
INFO: Pausing ProtocolHandler ["http-bio-8443"]
Apr 27, 2015 3:51:14 PM org.apache.catalina.core.StandardService stopInternal
INFO: Stopping service Catalina
Apr 27, 2015 3:56:36 PM org.apache.catalina.core.AprLifecycleListener lifecycleEvent
INFO: Loaded APR based Apache Tomcat Native library 1.1.32 using APR version 1.5.1.
Apr 27, 2015 3:56:36 PM org.apache.catalina.core.AprLifecycleListener lifecycleEvent
INFO: APR capabilities: IPv6 [true], sendfile [true], accept filters [false], random [true].
Apr 27, 2015 3:56:37 PM org.apache.catalina.core.AprLifecycleListener initializeSSL
INFO: OpenSSL successfully initialized (OpenSSL 1.0.1j 15 Oct 2014)
Apr 27, 2015 3:56:37 PM org.apache.coyote.AbstractProtocol init
INFO: Initializing ProtocolHandler ["http-apr-8080"]
Apr 27, 2015 3:56:37 PM org.apache.coyote.AbstractProtocol init
INFO: Initializing ProtocolHandler ["ajp-apr-8009"]
Apr 27, 2015 3:56:37 PM org.apache.coyote.AbstractProtocol init
INFO: Initializing ProtocolHandler ["http-bio-8443"]
Apr 27, 2015 3:56:38 PM org.apache.catalina.startup.Catalina load
INFO: Initialization processed in 2970 ms
Apr 27, 2015 3:56:38 PM org.apache.catalina.core.StandardService startInternal
INFO: Starting service Catalina
Apr 27, 2015 3:56:38 PM org.apache.catalina.core.StandardEngine startInternal
INFO: Starting Servlet Engine: Apache Tomcat/7.0.59
Apr 27, 2015 3:56:38 PM org.apache.catalina.startup.HostConfig deployDescriptor
INFO: Deploying configuration descriptor C:\Alfresco\tomcat\conf\Catalina\localhost\solr.xml
Apr 27, 2015 3:56:38 PM org.apache.catalina.startup.SetContextPropertiesRule begin
WARNING: [SetContextPropertiesRule]{Context} Setting property 'debug' to '0' did not find a matching property.
Apr 27, 2015 3:57:04 PM org.apache.catalina.startup.HostConfig deployDescriptor
INFO: Deployment of configuration descriptor C:\Alfresco\tomcat\conf\Catalina\localhost\solr.xml has finished in 25,872 ms
Apr 27, 2015 3:57:04 PM org.apache.catalina.startup.HostConfig deployDescriptor
INFO: Deploying configuration descriptor C:\Alfresco\tomcat\conf\Catalina\localhost\solr4.xml
Apr 27, 2015 3:57:04 PM org.apache.catalina.startup.SetContextPropertiesRule begin
WARNING: [SetContextPropertiesRule]{Context} Setting property 'debug' to '0' did not find a matching property.
Apr 27, 2015 3:57:27 PM org.apache.catalina.startup.HostConfig deployDescriptor
INFO: Deployment of configuration descriptor C:\Alfresco\tomcat\conf\Catalina\localhost\solr4.xml has finished in 23,026 ms
Apr 27, 2015 3:57:27 PM org.apache.catalina.startup.HostConfig deployDirectory
INFO: Deploying web application directory C:\Alfresco\tomcat\webapps\alfresco
Apr 27, 2015 3:59:51 PM org.apache.catalina.startup.HostConfig deployDirectory
INFO: Deployment of web application directory C:\Alfresco\tomcat\webapps\alfresco has finished in 144,228 ms
Apr 27, 2015 3:59:51 PM org.apache.catalina.startup.HostConfig deployDirectory
INFO: Deploying web application directory C:\Alfresco\tomcat\webapps\awe
Apr 27, 2015 4:00:06 PM org.apache.catalina.startup.HostConfig deployDirectory
INFO: Deployment of web application directory C:\Alfresco\tomcat\webapps\awe has finished in 14,465 ms
Apr 27, 2015 4:00:06 PM org.apache.catalina.startup.HostConfig deployDirectory
INFO: Deploying web application directory C:\Alfresco\tomcat\webapps\host-manager
Apr 27, 2015 4:00:06 PM org.apache.catalina.startup.HostConfig deployDirectory
INFO: Deployment of web application directory C:\Alfresco\tomcat\webapps\host-manager has finished in 610 ms
Apr 27, 2015 4:00:06 PM org.apache.catalina.startup.HostConfig deployDirectory
INFO: Deploying web application directory C:\Alfresco\tomcat\webapps\manager
Apr 27, 2015 4:00:07 PM org.apache.catalina.startup.HostConfig deployDirectory
INFO: Deployment of web application directory C:\Alfresco\tomcat\webapps\manager has finished in 775 ms
Apr 27, 2015 4:00:07 PM org.apache.catalina.startup.HostConfig deployDirectory
INFO: Deploying web application directory C:\Alfresco\tomcat\webapps\share
Apr 27, 2015 4:00:43 PM org.apache.catalina.startup.HostConfig deployDirectory
INFO: Deployment of web application directory C:\Alfresco\tomcat\webapps\share has finished in 36,123 ms
Apr 27, 2015 4:00:43 PM org.apache.catalina.startup.HostConfig deployDirectory
INFO: Deploying web application directory C:\Alfresco\tomcat\webapps\wcmqs
Apr 27, 2015 4:01:04 PM org.apache.catalina.startup.HostConfig deployDirectory
INFO: Deployment of web application directory C:\Alfresco\tomcat\webapps\wcmqs has finished in 20,792 ms
Apr 27, 2015 4:01:04 PM org.apache.coyote.AbstractProtocol start
INFO: Starting ProtocolHandler ["http-apr-8080"]
Apr 27, 2015 4:01:04 PM org.apache.coyote.AbstractProtocol start
INFO: Starting ProtocolHandler ["ajp-apr-8009"]
Apr 27, 2015 4:01:04 PM org.apache.coyote.AbstractProtocol start
INFO: Starting ProtocolHandler ["http-bio-8443"]
Apr 27, 2015 4:01:04 PM org.apache.catalina.startup.Catalina start
INFO: Server startup in 266065 ms
Apr 27, 2015 4:04:49 PM org.apache.coyote.AbstractProtocol pause
INFO: Pausing ProtocolHandler ["http-apr-8080"]
Apr 27, 2015 4:04:49 PM org.apache.coyote.AbstractProtocol pause
INFO: Pausing ProtocolHandler ["ajp-apr-8009"]
Apr 27, 2015 4:04:49 PM org.apache.coyote.AbstractProtocol pause
INFO: Pausing ProtocolHandler ["http-bio-8443"]
Apr 27, 2015 4:04:49 PM org.apache.catalina.core.StandardService stopInternal
INFO: Stopping service Catalina
Apr 27, 2015 4:09:05 PM org.apache.catalina.core.AprLifecycleListener lifecycleEvent
INFO: Loaded APR based Apache Tomcat Native library 1.1.32 using APR version 1.5.1.
Apr 27, 2015 4:09:05 PM org.apache.catalina.core.AprLifecycleListener lifecycleEvent
INFO: APR capabilities: IPv6 [true], sendfile [true], accept filters [false], random [true].
Apr 27, 2015 4:09:06 PM org.apache.catalina.core.AprLifecycleListener initializeSSL
INFO: OpenSSL successfully initialized (OpenSSL 1.0.1j 15 Oct 2014)
Apr 27, 2015 4:09:06 PM org.apache.coyote.AbstractProtocol init
INFO: Initializing ProtocolHandler ["http-apr-8080"]
Apr 27, 2015 4:09:06 PM org.apache.coyote.AbstractProtocol init
INFO: Initializing ProtocolHandler ["ajp-apr-8009"]
Apr 27, 2015 4:09:06 PM org.apache.coyote.AbstractProtocol init
INFO: Initializing ProtocolHandler ["http-bio-8443"]
Apr 27, 2015 4:09:07 PM org.apache.catalina.startup.Catalina load
INFO: Initialization processed in 2794 ms
Apr 27, 2015 4:09:07 PM org.apache.catalina.core.StandardService startInternal
INFO: Starting service Catalina
Apr 27, 2015 4:09:07 PM org.apache.catalina.core.StandardEngine startInternal
INFO: Starting Servlet Engine: Apache Tomcat/7.0.59
Apr 27, 2015 4:09:07 PM org.apache.catalina.startup.HostConfig deployDescriptor
INFO: Deploying configuration descriptor C:\Alfresco\tomcat\conf\Catalina\localhost\solr.xml
Apr 27, 2015 4:09:07 PM org.apache.catalina.startup.SetContextPropertiesRule begin
WARNING: [SetContextPropertiesRule]{Context} Setting property 'debug' to '0' did not find a matching property.
Apr 27, 2015 4:09:30 PM org.apache.catalina.startup.HostConfig deployDescriptor
INFO: Deployment of configuration descriptor C:\Alfresco\tomcat\conf\Catalina\localhost\solr.xml has finished in 23,184 ms
Apr 27, 2015 4:09:30 PM org.apache.catalina.startup.HostConfig deployDescriptor
INFO: Deploying configuration descriptor C:\Alfresco\tomcat\conf\Catalina\localhost\solr4.xml
Apr 27, 2015 4:09:30 PM org.apache.catalina.startup.SetContextPropertiesRule begin
WARNING: [SetContextPropertiesRule]{Context} Setting property 'debug' to '0' did not find a matching property.
Apr 27, 2015 4:09:51 PM org.apache.catalina.startup.HostConfig deployDescriptor
INFO: Deployment of configuration descriptor C:\Alfresco\tomcat\conf\Catalina\localhost\solr4.xml has finished in 20,519 ms
Apr 27, 2015 4:09:51 PM org.apache.catalina.startup.HostConfig deployDirectory
INFO: Deploying web application directory C:\Alfresco\tomcat\webapps\alfresco
Apr 27, 2015 4:12:08 PM org.apache.catalina.startup.HostConfig deployDirectory
INFO: Deployment of web application directory C:\Alfresco\tomcat\webapps\alfresco has finished in 137,002 ms
Apr 27, 2015 4:12:08 PM org.apache.catalina.startup.HostConfig deployDirectory
INFO: Deploying web application directory C:\Alfresco\tomcat\webapps\awe
Apr 27, 2015 4:12:21 PM org.apache.catalina.startup.HostConfig deployDirectory
INFO: Deployment of web application directory C:\Alfresco\tomcat\webapps\awe has finished in 13,343 ms
Apr 27, 2015 4:12:21 PM org.apache.catalina.startup.HostConfig deployDirectory
INFO: Deploying web application directory C:\Alfresco\tomcat\webapps\host-manager
Apr 27, 2015 4:12:22 PM org.apache.catalina.startup.HostConfig deployDirectory
INFO: Deployment of web application directory C:\Alfresco\tomcat\webapps\host-manager has finished in 664 ms
Apr 27, 2015 4:12:22 PM org.apache.catalina.startup.HostConfig deployDirectory
INFO: Deploying web application directory C:\Alfresco\tomcat\webapps\manager
Apr 27, 2015 4:12:22 PM org.apache.catalina.startup.HostConfig deployDirectory
INFO: Deployment of web application directory C:\Alfresco\tomcat\webapps\manager has finished in 567 ms
Apr 27, 2015 4:12:22 PM org.apache.catalina.startup.HostConfig deployDirectory
INFO: Deploying web application directory C:\Alfresco\tomcat\webapps\share
Apr 27, 2015 4:12:58 PM org.apache.catalina.startup.HostConfig deployDirectory
INFO: Deployment of web application directory C:\Alfresco\tomcat\webapps\share has finished in 35,224 ms
Apr 27, 2015 4:12:58 PM org.apache.catalina.startup.HostConfig deployDirectory
INFO: Deploying web application directory C:\Alfresco\tomcat\webapps\wcmqs
Apr 27, 2015 4:13:16 PM org.apache.catalina.startup.HostConfig deployDirectory
INFO: Deployment of web application directory C:\Alfresco\tomcat\webapps\wcmqs has finished in 18,369 ms
Apr 27, 2015 4:13:16 PM org.apache.coyote.AbstractProtocol start
INFO: Starting ProtocolHandler ["http-apr-8080"]
Apr 27, 2015 4:13:16 PM org.apache.coyote.AbstractProtocol start
INFO: Starting ProtocolHandler ["ajp-apr-8009"]
Apr 27, 2015 4:13:16 PM org.apache.coyote.AbstractProtocol start
INFO: Starting ProtocolHandler ["http-bio-8443"]
Apr 27, 2015 4:13:16 PM org.apache.catalina.startup.Catalina start
INFO: Server startup in 249052 ms
Apr 27, 2015 4:15:02 PM org.apache.coyote.AbstractProtocol pause
INFO: Pausing ProtocolHandler ["http-apr-8080"]
Apr 27, 2015 4:15:02 PM org.apache.coyote.AbstractProtocol pause
INFO: Pausing ProtocolHandler ["ajp-apr-8009"]
Apr 27, 2015 4:15:02 PM org.apache.coyote.AbstractProtocol pause
INFO: Pausing ProtocolHandler ["http-bio-8443"]
Apr 27, 2015 4:15:02 PM org.apache.catalina.core.StandardService stopInternal
INFO: Stopping service Catalina
Apr 27, 2015 4:20:39 PM org.apache.catalina.core.AprLifecycleListener lifecycleEvent
INFO: Loaded APR based Apache Tomcat Native library 1.1.32 using APR version 1.5.1.
Apr 27, 2015 4:20:39 PM org.apache.catalina.core.AprLifecycleListener lifecycleEvent
INFO: APR capabilities: IPv6 [true], sendfile [true], accept filters [false], random [true].
Apr 27, 2015 4:20:40 PM org.apache.catalina.core.AprLifecycleListener initializeSSL
INFO: OpenSSL successfully initialized (OpenSSL 1.0.1j 15 Oct 2014)
Apr 27, 2015 4:20:40 PM org.apache.coyote.AbstractProtocol init
INFO: Initializing ProtocolHandler ["http-apr-8080"]
Apr 27, 2015 4:20:40 PM org.apache.coyote.AbstractProtocol init
INFO: Initializing ProtocolHandler ["ajp-apr-8009"]
Apr 27, 2015 4:20:40 PM org.apache.coyote.AbstractProtocol init
INFO: Initializing ProtocolHandler ["http-bio-8443"]
Apr 27, 2015 4:20:41 PM org.apache.catalina.startup.Catalina load
INFO: Initialization processed in 2826 ms
Apr 27, 2015 4:20:41 PM org.apache.catalina.core.StandardService startInternal
INFO: Starting service Catalina
Apr 27, 2015 4:20:41 PM org.apache.catalina.core.StandardEngine startInternal
INFO: Starting Servlet Engine: Apache Tomcat/7.0.59
Apr 27, 2015 4:20:41 PM org.apache.catalina.startup.HostConfig deployDescriptor
INFO: Deploying configuration descriptor C:\Alfresco\tomcat\conf\Catalina\localhost\solr.xml
Apr 27, 2015 4:20:41 PM org.apache.catalina.startup.SetContextPropertiesRule begin
WARNING: [SetContextPropertiesRule]{Context} Setting property 'debug' to '0' did not find a matching property.
Apr 27, 2015 4:21:04 PM org.apache.catalina.startup.HostConfig deployDescriptor
INFO: Deployment of configuration descriptor C:\Alfresco\tomcat\conf\Catalina\localhost\solr.xml has finished in 23,418 ms
Apr 27, 2015 4:21:04 PM org.apache.catalina.startup.HostConfig deployDescriptor
INFO: Deploying configuration descriptor C:\Alfresco\tomcat\conf\Catalina\localhost\solr4.xml
Apr 27, 2015 4:21:04 PM org.apache.catalina.startup.SetContextPropertiesRule begin
WARNING: [SetContextPropertiesRule]{Context} Setting property 'debug' to '0' did not find a matching property.
Apr 27, 2015 4:21:24 PM org.apache.catalina.startup.HostConfig deployDescriptor
INFO: Deployment of configuration descriptor C:\Alfresco\tomcat\conf\Catalina\localhost\solr4.xml has finished in 19,806 ms
Apr 27, 2015 4:21:24 PM org.apache.catalina.startup.HostConfig deployDirectory
INFO: Deploying web application directory C:\Alfresco\tomcat\webapps\alfresco
Apr 27, 2015 4:23:51 PM org.apache.catalina.startup.HostConfig deployDirectory
INFO: Deployment of web application directory C:\Alfresco\tomcat\webapps\alfresco has finished in 147,003 ms
Apr 27, 2015 4:23:51 PM org.apache.catalina.startup.HostConfig deployDirectory
INFO: Deploying web application directory C:\Alfresco\tomcat\webapps\awe
Apr 27, 2015 4:24:04 PM org.apache.catalina.startup.HostConfig deployDirectory
INFO: Deployment of web application directory C:\Alfresco\tomcat\webapps\awe has finished in 13,386 ms
Apr 27, 2015 4:24:04 PM org.apache.catalina.startup.HostConfig deployDirectory
INFO: Deploying web application directory C:\Alfresco\tomcat\webapps\host-manager
Apr 27, 2015 4:24:05 PM org.apache.catalina.startup.HostConfig deployDirectory
INFO: Deployment of web application directory C:\Alfresco\tomcat\webapps\host-manager has finished in 635 ms
Apr 27, 2015 4:24:05 PM org.apache.catalina.startup.HostConfig deployDirectory
INFO: Deploying web application directory C:\Alfresco\tomcat\webapps\manager
Apr 27, 2015 4:24:06 PM org.apache.catalina.startup.HostConfig deployDirectory
INFO: Deployment of web application directory C:\Alfresco\tomcat\webapps\manager has finished in 610 ms
Apr 27, 2015 4:24:06 PM org.apache.catalina.startup.HostConfig deployDirectory
INFO: Deploying web application directory C:\Alfresco\tomcat\webapps\share
Apr 27, 2015 4:24:43 PM org.apache.catalina.startup.HostConfig deployDirectory
INFO: Deployment of web application directory C:\Alfresco\tomcat\webapps\share has finished in 37,693 ms
Apr 27, 2015 4:24:43 PM org.apache.catalina.startup.HostConfig deployDirectory
INFO: Deploying web application directory C:\Alfresco\tomcat\webapps\wcmqs
Apr 27, 2015 4:25:04 PM org.apache.catalina.startup.HostConfig deployDirectory
INFO: Deployment of web application directory C:\Alfresco\tomcat\webapps\wcmqs has finished in 20,713 ms
Apr 27, 2015 4:25:04 PM org.apache.coyote.AbstractProtocol start
INFO: Starting ProtocolHandler ["http-apr-8080"]
Apr 27, 2015 4:25:04 PM org.apache.coyote.AbstractProtocol start
INFO: Starting ProtocolHandler ["ajp-apr-8009"]
Apr 27, 2015 4:25:04 PM org.apache.coyote.AbstractProtocol start
INFO: Starting ProtocolHandler ["http-bio-8443"]
Apr 27, 2015 4:25:04 PM org.apache.catalina.startup.Catalina start
INFO: Server startup in 263503 ms
Apr 27, 2015 4:30:17 PM org.apache.coyote.AbstractProtocol pause
INFO: Pausing ProtocolHandler ["http-apr-8080"]
Apr 27, 2015 4:30:17 PM org.apache.coyote.AbstractProtocol pause
INFO: Pausing ProtocolHandler ["ajp-apr-8009"]
Apr 27, 2015 4:30:18 PM org.apache.coyote.AbstractProtocol pause
INFO: Pausing ProtocolHandler ["http-bio-8443"]
Apr 27, 2015 4:30:18 PM org.apache.catalina.core.StandardService stopInternal
INFO: Stopping service Catalina
Apr 27, 2015 4:31:24 PM org.apache.catalina.core.AprLifecycleListener lifecycleEvent
INFO: Loaded APR based Apache Tomcat Native library 1.1.32 using APR version 1.5.1.
Apr 27, 2015 4:31:24 PM org.apache.catalina.core.AprLifecycleListener lifecycleEvent
INFO: APR capabilities: IPv6 [true], sendfile [true], accept filters [false], random [true].
Apr 27, 2015 4:31:25 PM org.apache.catalina.core.AprLifecycleListener initializeSSL
INFO: OpenSSL successfully initialized (OpenSSL 1.0.1j 15 Oct 2014)
Apr 27, 2015 4:31:25 PM org.apache.coyote.AbstractProtocol init
INFO: Initializing ProtocolHandler ["http-apr-8080"]
Apr 27, 2015 4:31:25 PM org.apache.coyote.AbstractProtocol init
INFO: Initializing ProtocolHandler ["ajp-apr-8009"]
Apr 27, 2015 4:31:25 PM org.apache.coyote.AbstractProtocol init
INFO: Initializing ProtocolHandler ["http-bio-8443"]
Apr 27, 2015 4:31:29 PM org.apache.catalina.startup.Catalina load
INFO: Initialization processed in 6111 ms
Apr 27, 2015 4:31:29 PM org.apache.catalina.core.StandardService startInternal
INFO: Starting service Catalina
Apr 27, 2015 4:31:29 PM org.apache.catalina.core.StandardEngine startInternal
INFO: Starting Servlet Engine: Apache Tomcat/7.0.59
Apr 27, 2015 4:31:29 PM org.apache.catalina.startup.HostConfig deployDescriptor
INFO: Deploying configuration descriptor C:\Alfresco\tomcat\conf\Catalina\localhost\solr.xml
Apr 27, 2015 4:31:29 PM org.apache.catalina.startup.SetContextPropertiesRule begin
WARNING: [SetContextPropertiesRule]{Context} Setting property 'debug' to '0' did not find a matching property.
Apr 27, 2015 4:32:00 PM org.apache.catalina.startup.HostConfig deployDescriptor
INFO: Deployment of configuration descriptor C:\Alfresco\tomcat\conf\Catalina\localhost\solr.xml has finished in 30,485 ms
Apr 27, 2015 4:32:00 PM org.apache.catalina.startup.HostConfig deployDescriptor
INFO: Deploying configuration descriptor C:\Alfresco\tomcat\conf\Catalina\localhost\solr4.xml
Apr 27, 2015 4:32:00 PM org.apache.catalina.startup.SetContextPropertiesRule begin
WARNING: [SetContextPropertiesRule]{Context} Setting property 'debug' to '0' did not find a matching property.
Apr 27, 2015 4:32:35 PM org.apache.catalina.startup.HostConfig deployDescriptor
INFO: Deployment of configuration descriptor C:\Alfresco\tomcat\conf\Catalina\localhost\solr4.xml has finished in 34,947 ms
Apr 27, 2015 4:32:35 PM org.apache.catalina.startup.HostConfig deployDirectory
INFO: Deploying web application directory C:\Alfresco\tomcat\webapps\alfresco
Apr 27, 2015 4:34:59 PM org.apache.catalina.startup.HostConfig deployDirectory
INFO: Deployment of web application directory C:\Alfresco\tomcat\webapps\alfresco has finished in 144,726 ms
Apr 27, 2015 4:34:59 PM org.apache.catalina.startup.HostConfig deployDirectory
INFO: Deploying web application directory C:\Alfresco\tomcat\webapps\awe
Apr 27, 2015 4:35:13 PM org.apache.catalina.startup.HostConfig deployDirectory
INFO: Deployment of web application directory C:\Alfresco\tomcat\webapps\awe has finished in 13,937 ms
Apr 27, 2015 4:35:13 PM org.apache.catalina.startup.HostConfig deployDirectory
INFO: Deploying web application directory C:\Alfresco\tomcat\webapps\host-manager
Apr 27, 2015 4:35:14 PM org.apache.catalina.startup.HostConfig deployDirectory
INFO: Deployment of web application directory C:\Alfresco\tomcat\webapps\host-manager has finished in 624 ms
Apr 27, 2015 4:35:14 PM org.apache.catalina.startup.HostConfig deployDirectory
INFO: Deploying web application directory C:\Alfresco\tomcat\webapps\manager
Apr 27, 2015 4:35:15 PM org.apache.catalina.startup.HostConfig deployDirectory
INFO: Deployment of web application directory C:\Alfresco\tomcat\webapps\manager has finished in 792 ms
Apr 27, 2015 4:35:15 PM org.apache.catalina.startup.HostConfig deployDirectory
INFO: Deploying web application directory C:\Alfresco\tomcat\webapps\share
Apr 27, 2015 4:35:51 PM org.apache.catalina.startup.HostConfig deployDirectory
INFO: Deployment of web application directory C:\Alfresco\tomcat\webapps\share has finished in 36,397 ms
Apr 27, 2015 4:35:51 PM org.apache.catalina.startup.HostConfig deployDirectory
INFO: Deploying web application directory C:\Alfresco\tomcat\webapps\wcmqs
Apr 27, 2015 4:36:12 PM org.apache.catalina.startup.HostConfig deployDirectory
INFO: Deployment of web application directory C:\Alfresco\tomcat\webapps\wcmqs has finished in 20,726 ms
Apr 27, 2015 4:36:12 PM org.apache.coyote.AbstractProtocol start
INFO: Starting ProtocolHandler ["http-apr-8080"]
Apr 27, 2015 4:36:12 PM org.apache.coyote.AbstractProtocol start
INFO: Starting ProtocolHandler ["ajp-apr-8009"]
Apr 27, 2015 4:36:12 PM org.apache.coyote.AbstractProtocol start
INFO: Starting ProtocolHandler ["http-bio-8443"]
Apr 27, 2015 4:36:12 PM org.apache.catalina.startup.Catalina start
INFO: Server startup in 282817 ms
Apr 27, 2015 4:48:51 PM org.apache.coyote.AbstractProtocol pause
INFO: Pausing ProtocolHandler ["http-apr-8080"]
Apr 27, 2015 4:48:51 PM org.apache.coyote.AbstractProtocol pause
INFO: Pausing ProtocolHandler ["ajp-apr-8009"]
Apr 27, 2015 4:48:51 PM org.apache.coyote.AbstractProtocol pause
INFO: Pausing ProtocolHandler ["http-bio-8443"]
Apr 27, 2015 4:48:51 PM org.apache.catalina.core.StandardService stopInternal
INFO: Stopping service Catalina
Apr 27, 2015 4:51:21 PM org.apache.catalina.core.AprLifecycleListener lifecycleEvent
INFO: Loaded APR based Apache Tomcat Native library 1.1.32 using APR version 1.5.1.
Apr 27, 2015 4:51:21 PM org.apache.catalina.core.AprLifecycleListener lifecycleEvent
INFO: APR capabilities: IPv6 [true], sendfile [true], accept filters [false], random [true].
Apr 27, 2015 4:51:22 PM org.apache.catalina.core.AprLifecycleListener initializeSSL
INFO: OpenSSL successfully initialized (OpenSSL 1.0.1j 15 Oct 2014)
Apr 27, 2015 4:51:22 PM org.apache.coyote.AbstractProtocol init
INFO: Initializing ProtocolHandler ["http-apr-8080"]
Apr 27, 2015 4:51:22 PM org.apache.coyote.AbstractProtocol init
INFO: Initializing ProtocolHandler ["ajp-apr-8009"]
Apr 27, 2015 4:51:22 PM org.apache.coyote.AbstractProtocol init
INFO: Initializing ProtocolHandler ["http-bio-8443"]
Apr 27, 2015 4:51:23 PM org.apache.catalina.startup.Catalina load
INFO: Initialization processed in 2809 ms
Apr 27, 2015 4:51:23 PM org.apache.catalina.core.StandardService startInternal
INFO: Starting service Catalina
Apr 27, 2015 4:51:23 PM org.apache.catalina.core.StandardEngine startInternal
INFO: Starting Servlet Engine: Apache Tomcat/7.0.59
Apr 27, 2015 4:51:23 PM org.apache.catalina.startup.HostConfig deployDescriptor
INFO: Deploying configuration descriptor C:\Alfresco\tomcat\conf\Catalina\localhost\solr.xml
Apr 27, 2015 4:51:23 PM org.apache.catalina.startup.SetContextPropertiesRule begin
WARNING: [SetContextPropertiesRule]{Context} Setting property 'debug' to '0' did not find a matching property.
Apr 27, 2015 4:51:45 PM org.apache.catalina.startup.HostConfig deployDescriptor
INFO: Deployment of configuration descriptor C:\Alfresco\tomcat\conf\Catalina\localhost\solr.xml has finished in 22,204 ms
Apr 27, 2015 4:51:45 PM org.apache.catalina.startup.HostConfig deployDescriptor
INFO: Deploying configuration descriptor C:\Alfresco\tomcat\conf\Catalina\localhost\solr4.xml
Apr 27, 2015 4:51:46 PM org.apache.catalina.startup.SetContextPropertiesRule begin
WARNING: [SetContextPropertiesRule]{Context} Setting property 'debug' to '0' did not find a matching property.
Apr 27, 2015 4:52:07 PM org.apache.catalina.startup.HostConfig deployDescriptor
INFO: Deployment of configuration descriptor C:\Alfresco\tomcat\conf\Catalina\localhost\solr4.xml has finished in 21,693 ms
Apr 27, 2015 4:52:07 PM org.apache.catalina.startup.HostConfig deployDirectory
INFO: Deploying web application directory C:\Alfresco\tomcat\webapps\alfresco
Apr 27, 2015 4:54:31 PM org.apache.catalina.startup.HostConfig deployDirectory
INFO: Deployment of web application directory C:\Alfresco\tomcat\webapps\alfresco has finished in 144,030 ms
Apr 27, 2015 4:54:31 PM org.apache.catalina.startup.HostConfig deployDirectory
INFO: Deploying web application directory C:\Alfresco\tomcat\webapps\awe
Apr 27, 2015 4:54:45 PM org.apache.catalina.startup.HostConfig deployDirectory
INFO: Deployment of web application directory C:\Alfresco\tomcat\webapps\awe has finished in 13,829 ms
Apr 27, 2015 4:54:45 PM org.apache.catalina.startup.HostConfig deployDirectory
INFO: Deploying web application directory C:\Alfresco\tomcat\webapps\host-manager
Apr 27, 2015 4:54:46 PM org.apache.catalina.startup.HostConfig deployDirectory
INFO: Deployment of web application directory C:\Alfresco\tomcat\webapps\host-manager has finished in 627 ms
Apr 27, 2015 4:54:46 PM org.apache.catalina.startup.HostConfig deployDirectory
INFO: Deploying web application directory C:\Alfresco\tomcat\webapps\manager
Apr 27, 2015 4:54:46 PM org.apache.catalina.startup.HostConfig deployDirectory
INFO: Deployment of web application directory C:\Alfresco\tomcat\webapps\manager has finished in 569 ms
Apr 27, 2015 4:54:46 PM org.apache.catalina.startup.HostConfig deployDirectory
INFO: Deploying web application directory C:\Alfresco\tomcat\webapps\share
Apr 27, 2015 4:55:24 PM org.apache.catalina.startup.HostConfig deployDirectory
INFO: Deployment of web application directory C:\Alfresco\tomcat\webapps\share has finished in 38,232 ms
Apr 27, 2015 4:55:24 PM org.apache.catalina.startup.HostConfig deployDirectory
INFO: Deploying web application directory C:\Alfresco\tomcat\webapps\wcmqs
Apr 27, 2015 4:55:44 PM org.apache.catalina.startup.HostConfig deployDirectory
INFO: Deployment of web application directory C:\Alfresco\tomcat\webapps\wcmqs has finished in 19,844 ms
Apr 27, 2015 4:55:44 PM org.apache.coyote.AbstractProtocol start
INFO: Starting ProtocolHandler ["http-apr-8080"]
Apr 27, 2015 4:55:44 PM org.apache.coyote.AbstractProtocol start
INFO: Starting ProtocolHandler ["ajp-apr-8009"]
Apr 27, 2015 4:55:44 PM org.apache.coyote.AbstractProtocol start
INFO: Starting ProtocolHandler ["http-bio-8443"]
Apr 27, 2015 4:55:44 PM org.apache.catalina.startup.Catalina start
INFO: Server startup in 261228 ms
Apr 27, 2015 5:03:36 PM org.apache.coyote.AbstractProtocol pause
INFO: Pausing ProtocolHandler ["http-apr-8080"]
Apr 27, 2015 5:03:36 PM org.apache.coyote.AbstractProtocol pause
INFO: Pausing ProtocolHandler ["ajp-apr-8009"]
Apr 27, 2015 5:03:36 PM org.apache.coyote.AbstractProtocol pause
INFO: Pausing ProtocolHandler ["http-bio-8443"]
Apr 27, 2015 5:03:36 PM org.apache.catalina.core.StandardService stopInternal
INFO: Stopping service Catalina
Apr 27, 2015 5:07:41 PM org.apache.catalina.core.AprLifecycleListener lifecycleEvent
INFO: Loaded APR based Apache Tomcat Native library 1.1.32 using APR version 1.5.1.
Apr 27, 2015 5:07:41 PM org.apache.catalina.core.AprLifecycleListener lifecycleEvent
INFO: APR capabilities: IPv6 [true], sendfile [true], accept filters [false], random [true].
Apr 27, 2015 5:07:42 PM org.apache.catalina.core.AprLifecycleListener initializeSSL
INFO: OpenSSL successfully initialized (OpenSSL 1.0.1j 15 Oct 2014)
Apr 27, 2015 5:07:42 PM org.apache.coyote.AbstractProtocol init
INFO: Initializing ProtocolHandler ["http-apr-8080"]
Apr 27, 2015 5:07:43 PM org.apache.coyote.AbstractProtocol init
INFO: Initializing ProtocolHandler ["ajp-apr-8009"]
Apr 27, 2015 5:07:43 PM org.apache.coyote.AbstractProtocol init
INFO: Initializing ProtocolHandler ["http-bio-8443"]
Apr 27, 2015 5:07:43 PM org.apache.catalina.startup.Catalina load
INFO: Initialization processed in 2950 ms
Apr 27, 2015 5:07:43 PM org.apache.catalina.core.StandardService startInternal
INFO: Starting service Catalina
Apr 27, 2015 5:07:43 PM org.apache.catalina.core.StandardEngine startInternal
INFO: Starting Servlet Engine: Apache Tomcat/7.0.59
Apr 27, 2015 5:07:43 PM org.apache.catalina.startup.HostConfig deployDescriptor
INFO: Deploying configuration descriptor C:\Alfresco\tomcat\conf\Catalina\localhost\solr.xml
Apr 27, 2015 5:07:44 PM org.apache.catalina.startup.SetContextPropertiesRule begin
WARNING: [SetContextPropertiesRule]{Context} Setting property 'debug' to '0' did not find a matching property.
Apr 27, 2015 5:08:08 PM org.apache.catalina.startup.HostConfig deployDescriptor
INFO: Deployment of configuration descriptor C:\Alfresco\tomcat\conf\Catalina\localhost\solr.xml has finished in 24,303 ms
Apr 27, 2015 5:08:08 PM org.apache.catalina.startup.HostConfig deployDescriptor
INFO: Deploying configuration descriptor C:\Alfresco\tomcat\conf\Catalina\localhost\solr4.xml
Apr 27, 2015 5:08:08 PM org.apache.catalina.startup.SetContextPropertiesRule begin
WARNING: [SetContextPropertiesRule]{Context} Setting property 'debug' to '0' did not find a matching property.
Apr 27, 2015 5:08:28 PM org.apache.catalina.startup.HostConfig deployDescriptor
INFO: Deployment of configuration descriptor C:\Alfresco\tomcat\conf\Catalina\localhost\solr4.xml has finished in 20,305 ms
Apr 27, 2015 5:08:28 PM org.apache.catalina.startup.HostConfig deployDirectory
INFO: Deploying web application directory C:\Alfresco\tomcat\webapps\alfresco
Apr 27, 2015 5:10:45 PM org.apache.catalina.startup.HostConfig deployDirectory
INFO: Deployment of web application directory C:\Alfresco\tomcat\webapps\alfresco has finished in 136,659 ms
Apr 27, 2015 5:10:45 PM org.apache.catalina.startup.HostConfig deployDirectory
INFO: Deploying web application directory C:\Alfresco\tomcat\webapps\awe
Apr 27, 2015 5:10:58 PM org.apache.catalina.startup.HostConfig deployDirectory
INFO: Deployment of web application directory C:\Alfresco\tomcat\webapps\awe has finished in 13,413 ms
Apr 27, 2015 5:10:58 PM org.apache.catalina.startup.HostConfig deployDirectory
INFO: Deploying web application directory C:\Alfresco\tomcat\webapps\host-manager
Apr 27, 2015 5:10:59 PM org.apache.catalina.startup.HostConfig deployDirectory
INFO: Deployment of web application directory C:\Alfresco\tomcat\webapps\host-manager has finished in 569 ms
Apr 27, 2015 5:10:59 PM org.apache.catalina.startup.HostConfig deployDirectory
INFO: Deploying web application directory C:\Alfresco\tomcat\webapps\manager
Apr 27, 2015 5:10:59 PM org.apache.catalina.startup.HostConfig deployDirectory
INFO: Deployment of web application directory C:\Alfresco\tomcat\webapps\manager has finished in 563 ms
Apr 27, 2015 5:10:59 PM org.apache.catalina.startup.HostConfig deployDirectory
INFO: Deploying web application directory C:\Alfresco\tomcat\webapps\share
Apr 27, 2015 5:11:35 PM org.apache.catalina.startup.HostConfig deployDirectory
INFO: Deployment of web application directory C:\Alfresco\tomcat\webapps\share has finished in 35,750 ms
Apr 27, 2015 5:11:35 PM org.apache.catalina.startup.HostConfig deployDirectory
INFO: Deploying web application directory C:\Alfresco\tomcat\webapps\wcmqs
Apr 27, 2015 5:11:54 PM org.apache.catalina.startup.HostConfig deployDirectory
INFO: Deployment of web application directory C:\Alfresco\tomcat\webapps\wcmqs has finished in 18,589 ms
Apr 27, 2015 5:11:54 PM org.apache.coyote.AbstractProtocol start
INFO: Starting ProtocolHandler ["http-apr-8080"]
Apr 27, 2015 5:11:54 PM org.apache.coyote.AbstractProtocol start
INFO: Starting ProtocolHandler ["ajp-apr-8009"]
Apr 27, 2015 5:11:54 PM org.apache.coyote.AbstractProtocol start
INFO: Starting ProtocolHandler ["http-bio-8443"]
Apr 27, 2015 5:11:54 PM org.apache.catalina.startup.Catalina start
INFO: Server startup in 250347 ms
Apr 27, 2015 5:21:13 PM org.apache.coyote.AbstractProtocol pause
INFO: Pausing ProtocolHandler ["http-apr-8080"]
Apr 27, 2015 5:21:13 PM org.apache.coyote.AbstractProtocol pause
INFO: Pausing ProtocolHandler ["ajp-apr-8009"]
Apr 27, 2015 5:21:13 PM org.apache.coyote.AbstractProtocol pause
INFO: Pausing ProtocolHandler ["http-bio-8443"]
Apr 27, 2015 5:21:13 PM org.apache.catalina.core.StandardService stopInternal
INFO: Stopping service Catalina
Apr 27, 2015 5:38:10 PM org.apache.catalina.core.AprLifecycleListener lifecycleEvent
INFO: Loaded APR based Apache Tomcat Native library 1.1.32 using APR version 1.5.1.
Apr 27, 2015 5:38:10 PM org.apache.catalina.core.AprLifecycleListener lifecycleEvent
INFO: APR capabilities: IPv6 [true], sendfile [true], accept filters [false], random [true].
Apr 27, 2015 5:38:11 PM org.apache.catalina.core.AprLifecycleListener initializeSSL
INFO: OpenSSL successfully initialized (OpenSSL 1.0.1j 15 Oct 2014)
Apr 27, 2015 5:38:11 PM org.apache.coyote.AbstractProtocol init
INFO: Initializing ProtocolHandler ["http-apr-8080"]
Apr 27, 2015 5:38:11 PM org.apache.coyote.AbstractProtocol init
INFO: Initializing ProtocolHandler ["ajp-apr-8009"]
Apr 27, 2015 5:38:11 PM org.apache.coyote.AbstractProtocol init
INFO: Initializing ProtocolHandler ["http-bio-8443"]
Apr 27, 2015 5:38:12 PM org.apache.catalina.startup.Catalina load
INFO: Initialization processed in 2782 ms
Apr 27, 2015 5:38:12 PM org.apache.catalina.core.StandardService startInternal
INFO: Starting service Catalina
Apr 27, 2015 5:38:12 PM org.apache.catalina.core.StandardEngine startInternal
INFO: Starting Servlet Engine: Apache Tomcat/7.0.59
Apr 27, 2015 5:38:12 PM org.apache.catalina.startup.HostConfig deployDescriptor
INFO: Deploying configuration descriptor C:\Alfresco\tomcat\conf\Catalina\localhost\solr.xml
Apr 27, 2015 5:38:12 PM org.apache.catalina.startup.SetContextPropertiesRule begin
WARNING: [SetContextPropertiesRule]{Context} Setting property 'debug' to '0' did not find a matching property.
Apr 27, 2015 5:38:36 PM org.apache.catalina.startup.HostConfig deployDescriptor
INFO: Deployment of configuration descriptor C:\Alfresco\tomcat\conf\Catalina\localhost\solr.xml has finished in 23,934 ms
Apr 27, 2015 5:38:36 PM org.apache.catalina.startup.HostConfig deployDescriptor
INFO: Deploying configuration descriptor C:\Alfresco\tomcat\conf\Catalina\localhost\solr4.xml
Apr 27, 2015 5:38:36 PM org.apache.catalina.startup.SetContextPropertiesRule begin
WARNING: [SetContextPropertiesRule]{Context} Setting property 'debug' to '0' did not find a matching property.
Apr 27, 2015 5:38:58 PM org.apache.catalina.startup.HostConfig deployDescriptor
INFO: Deployment of configuration descriptor C:\Alfresco\tomcat\conf\Catalina\localhost\solr4.xml has finished in 22,153 ms
Apr 27, 2015 5:38:58 PM org.apache.catalina.startup.HostConfig deployDirectory
INFO: Deploying web application directory C:\Alfresco\tomcat\webapps\alfresco
Apr 27, 2015 5:41:14 PM org.apache.catalina.startup.HostConfig deployDirectory
INFO: Deployment of web application directory C:\Alfresco\tomcat\webapps\alfresco has finished in 136,001 ms
Apr 27, 2015 5:41:14 PM org.apache.catalina.startup.HostConfig deployDirectory
INFO: Deploying web application directory C:\Alfresco\tomcat\webapps\awe
Apr 27, 2015 5:41:28 PM org.apache.catalina.startup.HostConfig deployDirectory
INFO: Deployment of web application directory C:\Alfresco\tomcat\webapps\awe has finished in 13,377 ms
Apr 27, 2015 5:41:28 PM org.apache.catalina.startup.HostConfig deployDirectory
INFO: Deploying web application directory C:\Alfresco\tomcat\webapps\host-manager
Apr 27, 2015 5:41:28 PM org.apache.catalina.startup.HostConfig deployDirectory
INFO: Deployment of web application directory C:\Alfresco\tomcat\webapps\host-manager has finished in 683 ms
Apr 27, 2015 5:41:28 PM org.apache.catalina.startup.HostConfig deployDirectory
INFO: Deploying web application directory C:\Alfresco\tomcat\webapps\manager
Apr 27, 2015 5:41:29 PM org.apache.catalina.startup.HostConfig deployDirectory
INFO: Deployment of web application directory C:\Alfresco\tomcat\webapps\manager has finished in 583 ms
Apr 27, 2015 5:41:29 PM org.apache.catalina.startup.HostConfig deployDirectory
INFO: Deploying web application directory C:\Alfresco\tomcat\webapps\share
Apr 27, 2015 5:42:04 PM org.apache.catalina.startup.HostConfig deployDirectory
INFO: Deployment of web application directory C:\Alfresco\tomcat\webapps\share has finished in 35,250 ms
Apr 27, 2015 5:42:04 PM org.apache.catalina.startup.HostConfig deployDirectory
INFO: Deploying web application directory C:\Alfresco\tomcat\webapps\wcmqs
Apr 27, 2015 5:42:22 PM org.apache.catalina.startup.HostConfig deployDirectory
INFO: Deployment of web application directory C:\Alfresco\tomcat\webapps\wcmqs has finished in 17,812 ms
Apr 27, 2015 5:42:22 PM org.apache.coyote.AbstractProtocol start
INFO: Starting ProtocolHandler ["http-apr-8080"]
Apr 27, 2015 5:42:22 PM org.apache.coyote.AbstractProtocol start
INFO: Starting ProtocolHandler ["ajp-apr-8009"]
Apr 27, 2015 5:42:22 PM org.apache.coyote.AbstractProtocol start
INFO: Starting ProtocolHandler ["http-bio-8443"]
Apr 27, 2015 5:42:22 PM org.apache.catalina.startup.Catalina start
INFO: Server startup in 249970 ms
Apr 27, 2015 5:48:45 PM org.apache.coyote.AbstractProtocol pause
INFO: Pausing ProtocolHandler ["http-apr-8080"]
Apr 27, 2015 5:48:45 PM org.apache.coyote.AbstractProtocol pause
INFO: Pausing ProtocolHandler ["ajp-apr-8009"]
Apr 27, 2015 5:48:45 PM org.apache.coyote.AbstractProtocol pause
INFO: Pausing ProtocolHandler ["http-bio-8443"]
Apr 27, 2015 5:48:45 PM org.apache.catalina.core.StandardService stopInternal
INFO: Stopping service Catalina
Apr 27, 2015 5:52:41 PM org.apache.catalina.core.AprLifecycleListener init
SEVERE: An incompatible version 1.1.29 of the APR based Apache Tomcat Native library is installed, while Tomcat requires version 1.1.32
Apr 27, 2015 5:52:41 PM org.apache.catalina.core.AprLifecycleListener init
SEVERE: An incompatible version 1.1.29 of the APR based Apache Tomcat Native library is installed, while Tomcat requires version 1.1.32
Apr 27, 2015 5:52:41 PM org.apache.catalina.core.AprLifecycleListener init
SEVERE: An incompatible version 1.1.29 of the APR based Apache Tomcat Native library is installed, while Tomcat requires version 1.1.32
Apr 27, 2015 5:52:41 PM org.apache.catalina.core.AprLifecycleListener init
SEVERE: An incompatible version 1.1.29 of the APR based Apache Tomcat Native library is installed, while Tomcat requires version 1.1.32
Apr 27, 2015 5:52:41 PM org.apache.catalina.core.AprLifecycleListener init
SEVERE: An incompatible version 1.1.29 of the APR based Apache Tomcat Native library is installed, while Tomcat requires version 1.1.32
Apr 27, 2015 5:52:41 PM org.apache.catalina.core.AprLifecycleListener init
SEVERE: An incompatible version 1.1.29 of the APR based Apache Tomcat Native library is installed, while Tomcat requires version 1.1.32
Apr 27, 2015 5:52:41 PM org.apache.catalina.core.AprLifecycleListener init
SEVERE: An incompatible version 1.1.29 of the APR based Apache Tomcat Native library is installed, while Tomcat requires version 1.1.32
Apr 27, 2015 5:52:41 PM org.apache.coyote.AbstractProtocol init
INFO: Initializing ProtocolHandler ["http-bio-8080"]
Apr 27, 2015 5:52:41 PM org.apache.coyote.AbstractProtocol init
INFO: Initializing ProtocolHandler ["ajp-bio-8009"]
Apr 27, 2015 5:52:41 PM org.apache.coyote.AbstractProtocol init
INFO: Initializing ProtocolHandler ["http-bio-8443"]
Apr 27, 2015 5:52:42 PM org.apache.catalina.startup.Catalina load
INFO: Initialization processed in 1749 ms
Apr 27, 2015 5:52:42 PM org.apache.catalina.core.StandardService startInternal
INFO: Starting service Catalina
Apr 27, 2015 5:52:42 PM org.apache.catalina.core.StandardEngine startInternal
INFO: Starting Servlet Engine: Apache Tomcat/7.0.59
Apr 27, 2015 5:52:42 PM org.apache.catalina.startup.HostConfig deployDescriptor
INFO: Deploying configuration descriptor C:\Alfresco\tomcat\conf\Catalina\localhost\solr.xml
Apr 27, 2015 5:52:42 PM org.apache.catalina.startup.SetContextPropertiesRule begin
WARNING: [SetContextPropertiesRule]{Context} Setting property 'debug' to '0' did not find a matching property.
Apr 27, 2015 5:53:04 PM org.apache.catalina.startup.HostConfig deployDescriptor
INFO: Deployment of configuration descriptor C:\Alfresco\tomcat\conf\Catalina\localhost\solr.xml has finished in 21,848 ms
Apr 27, 2015 5:53:04 PM org.apache.catalina.startup.HostConfig deployDescriptor
INFO: Deploying configuration descriptor C:\Alfresco\tomcat\conf\Catalina\localhost\solr4.xml
Apr 27, 2015 5:53:04 PM org.apache.catalina.startup.SetContextPropertiesRule begin
WARNING: [SetContextPropertiesRule]{Context} Setting property 'debug' to '0' did not find a matching property.
Apr 27, 2015 5:53:23 PM org.apache.catalina.startup.HostConfig deployDescriptor
INFO: Deployment of configuration descriptor C:\Alfresco\tomcat\conf\Catalina\localhost\solr4.xml has finished in 19,361 ms
Apr 27, 2015 5:53:23 PM org.apache.catalina.startup.HostConfig deployDirectory
INFO: Deploying web application directory C:\Alfresco\tomcat\webapps\alfresco
Apr 27, 2015 5:55:41 PM org.apache.catalina.startup.HostConfig deployDirectory
INFO: Deployment of web application directory C:\Alfresco\tomcat\webapps\alfresco has finished in 137,886 ms
Apr 27, 2015 5:55:41 PM org.apache.catalina.startup.HostConfig deployDirectory
INFO: Deploying web application directory C:\Alfresco\tomcat\webapps\awe
Apr 27, 2015 5:55:54 PM org.apache.catalina.startup.HostConfig deployDirectory
INFO: Deployment of web application directory C:\Alfresco\tomcat\webapps\awe has finished in 13,100 ms
Apr 27, 2015 5:55:54 PM org.apache.catalina.startup.HostConfig deployDirectory
INFO: Deploying web application directory C:\Alfresco\tomcat\webapps\host-manager
Apr 27, 2015 5:55:55 PM org.apache.catalina.startup.HostConfig deployDirectory
INFO: Deployment of web application directory C:\Alfresco\tomcat\webapps\host-manager has finished in 607 ms
Apr 27, 2015 5:55:55 PM org.apache.catalina.startup.HostConfig deployDirectory
INFO: Deploying web application directory C:\Alfresco\tomcat\webapps\manager
Apr 27, 2015 5:55:56 PM org.apache.catalina.startup.HostConfig deployDirectory
INFO: Deployment of web application directory C:\Alfresco\tomcat\webapps\manager has finished in 776 ms
Apr 27, 2015 5:55:56 PM org.apache.catalina.startup.HostConfig deployDirectory
INFO: Deploying web application directory C:\Alfresco\tomcat\webapps\share
Apr 27, 2015 5:56:29 PM org.apache.catalina.startup.HostConfig deployDirectory
INFO: Deployment of web application directory C:\Alfresco\tomcat\webapps\share has finished in 33,561 ms
Apr 27, 2015 5:56:29 PM org.apache.catalina.startup.HostConfig deployDirectory
INFO: Deploying web application directory C:\Alfresco\tomcat\webapps\wcmqs
Apr 27, 2015 5:56:49 PM org.apache.catalina.startup.HostConfig deployDirectory
INFO: Deployment of web application directory C:\Alfresco\tomcat\webapps\wcmqs has finished in 19,943 ms
Apr 27, 2015 5:56:49 PM org.apache.coyote.AbstractProtocol start
INFO: Starting ProtocolHandler ["http-bio-8080"]
Apr 27, 2015 5:56:49 PM org.apache.coyote.AbstractProtocol start
INFO: Starting ProtocolHandler ["ajp-bio-8009"]
Apr 27, 2015 5:56:49 PM org.apache.coyote.AbstractProtocol start
INFO: Starting ProtocolHandler ["http-bio-8443"]
Apr 27, 2015 5:56:49 PM org.apache.catalina.startup.Catalina start
INFO: Server startup in 247272 ms
Apr 27, 2015 6:14:45 PM org.apache.coyote.AbstractProtocol pause
INFO: Pausing ProtocolHandler ["http-bio-8080"]
Apr 27, 2015 6:14:45 PM org.apache.coyote.AbstractProtocol pause
INFO: Pausing ProtocolHandler ["ajp-bio-8009"]
Apr 27, 2015 6:14:45 PM org.apache.coyote.AbstractProtocol pause
INFO: Pausing ProtocolHandler ["http-bio-8443"]
Apr 27, 2015 6:14:45 PM org.apache.catalina.core.StandardService stopInternal
INFO: Stopping service Catalina
