[2015-04-23 15:39:55] [info]  [ 8316] Commons Daemon procrun (1.0.15.0 64-bit) started
[2015-04-23 15:39:55] [info]  [ 8316] Service alfrescoTomcatnum2 name alfrescoTomcatnum2
[2015-04-23 15:39:56] [info]  [ 8316] Service 'alfrescoTomcatnum2' installed
[2015-04-23 15:39:56] [info]  [ 8316] Commons Daemon procrun finished
[2015-04-23 15:55:46] [info]  [ 5200] Commons Daemon procrun (1.0.15.0 64-bit) started
[2015-04-23 15:55:46] [info]  [ 5200] Debugging 'tomcat7' service...
[2015-04-23 15:55:46] [info]  [ 5200] Starting service...
[2015-04-23 15:55:47] [info]  [ 5200] Service started in 1271 ms.
[2015-04-23 16:04:12] [info]  [ 9880] Console CTRL+CLOSE event signaled
[2015-04-23 16:04:13] [info]  [ 9880] Stopping service...
[2015-04-23 16:08:14] [info]  [ 9352] Commons Daemon procrun (1.0.15.0 64-bit) started
[2015-04-23 16:08:14] [info]  [ 9352] Debugging 'tomcat7' service...
[2015-04-23 16:08:14] [info]  [ 9352] Starting service...
[2015-04-23 16:08:16] [info]  [ 9352] Service started in 1260 ms.
[2015-04-23 16:16:08] [info]  [ 1468] Console CTRL+CLOSE event signaled
[2015-04-23 16:16:08] [info]  [ 1468] Stopping service...
[2015-04-23 16:23:18] [info]  [10316] Commons Daemon procrun (1.0.15.0 64-bit) started
[2015-04-23 16:23:18] [info]  [10316] Debugging 'tomcat7' service...
[2015-04-23 16:23:18] [info]  [10316] Starting service...
[2015-04-23 16:23:19] [info]  [10316] Service started in 1235 ms.
[2015-04-23 16:39:45] [info]  [ 5500] Console CTRL+CLOSE event signaled
[2015-04-23 16:39:45] [info]  [ 5500] Stopping service...
[2015-04-23 16:42:23] [info]  [ 3560] Commons Daemon procrun (1.0.15.0 64-bit) started
[2015-04-23 16:42:23] [info]  [ 3560] Debugging 'tomcat7' service...
[2015-04-23 16:42:23] [info]  [ 3560] Starting service...
[2015-04-23 16:42:25] [info]  [ 3560] Service started in 1216 ms.
[2015-04-23 16:43:37] [info]  [ 5676] Console CTRL+CLOSE event signaled
[2015-04-23 16:43:37] [info]  [ 5676] Stopping service...
[2015-04-23 16:45:27] [info]  [ 9844] Commons Daemon procrun (1.0.15.0 64-bit) started
[2015-04-23 16:45:27] [info]  [ 9844] Debugging 'tomcat7' service...
[2015-04-23 16:45:27] [info]  [ 9844] Starting service...
[2015-04-23 16:45:28] [info]  [ 9844] Service started in 1224 ms.
[2015-04-23 17:08:12] [info]  [10752] Console CTRL+CLOSE event signaled
[2015-04-23 17:08:12] [info]  [10752] Stopping service...
[2015-04-23 17:10:39] [info]  [ 4512] Commons Daemon procrun (1.0.15.0 64-bit) started
[2015-04-23 17:10:39] [info]  [ 4512] Debugging 'tomcat7' service...
[2015-04-23 17:10:39] [info]  [ 4512] Starting service...
[2015-04-23 17:10:40] [info]  [ 4512] Service started in 1250 ms.
[2015-04-23 17:23:27] [info]  [ 6504] Console CTRL+CLOSE event signaled
[2015-04-23 17:23:27] [info]  [ 6504] Stopping service...
[2015-04-23 17:28:07] [info]  [ 4792] Commons Daemon procrun (1.0.15.0 64-bit) started
[2015-04-23 17:28:07] [info]  [ 4792] Debugging 'tomcat7' service...
[2015-04-23 17:28:07] [info]  [ 4792] Starting service...
[2015-04-23 17:28:08] [info]  [ 4792] Service started in 1237 ms.
[2015-04-23 17:37:05] [info]  [ 5724] Console CTRL+CLOSE event signaled
[2015-04-23 17:37:05] [info]  [ 5724] Stopping service...
[2015-04-23 17:43:25] [info]  [10924] Commons Daemon procrun (1.0.15.0 64-bit) started
[2015-04-23 17:43:25] [info]  [10924] Debugging 'tomcat7' service...
[2015-04-23 17:43:25] [info]  [10924] Starting service...
[2015-04-23 17:43:27] [info]  [10924] Service started in 1243 ms.
[2015-04-23 17:56:35] [info]  [10492] Console CTRL+CLOSE event signaled
[2015-04-23 17:56:35] [info]  [10492] Stopping service...
[2015-04-23 17:58:27] [info]  [ 7448] Commons Daemon procrun (1.0.15.0 64-bit) started
[2015-04-23 17:58:27] [info]  [ 7448] Debugging 'tomcat7' service...
[2015-04-23 17:58:27] [info]  [ 7448] Starting service...
[2015-04-23 17:58:29] [info]  [ 7448] Service started in 1219 ms.
[2015-04-23 18:10:49] [info]  [ 2124] Console CTRL+CLOSE event signaled
[2015-04-23 18:10:49] [info]  [ 2124] Stopping service...
[2015-04-23 18:12:13] [info]  [ 3444] Commons Daemon procrun (1.0.15.0 64-bit) started
[2015-04-23 18:12:13] [info]  [ 3444] Debugging 'tomcat7' service...
[2015-04-23 18:12:13] [info]  [ 3444] Starting service...
[2015-04-23 18:12:14] [info]  [ 3444] Service started in 1225 ms.
[2015-04-23 18:17:59] [info]  [  692] Console CTRL+CLOSE event signaled
[2015-04-23 18:17:59] [info]  [  692] Stopping service...
[2015-04-23 18:18:42] [info]  [10716] Commons Daemon procrun (1.0.15.0 64-bit) started
[2015-04-23 18:18:42] [info]  [10716] Debugging 'tomcat7' service...
[2015-04-23 18:18:42] [info]  [10716] Starting service...
[2015-04-23 18:18:43] [info]  [10716] Service started in 1232 ms.
[2015-04-23 18:23:39] [info]  [  860] Console CTRL+CLOSE event signaled
[2015-04-23 18:23:39] [info]  [  860] Stopping service...
[2015-04-23 18:27:56] [info]  [ 9276] Commons Daemon procrun (1.0.15.0 64-bit) started
[2015-04-23 18:27:57] [info]  [ 9276] Debugging 'tomcat7' service...
[2015-04-23 18:27:57] [info]  [ 9276] Starting service...
[2015-04-23 18:27:58] [info]  [ 9276] Service started in 1240 ms.
[2015-04-23 18:32:39] [info]  [ 5364] Console CTRL+CLOSE event signaled
[2015-04-23 18:32:39] [info]  [ 5364] Stopping service...
[2015-04-23 18:38:15] [info]  [10228] Commons Daemon procrun (1.0.15.0 64-bit) started
[2015-04-23 18:38:15] [info]  [10228] Debugging 'tomcat7' service...
[2015-04-23 18:38:15] [info]  [10228] Starting service...
[2015-04-23 18:38:16] [info]  [10228] Service started in 1235 ms.
[2015-04-23 18:42:03] [info]  [ 7960] Console CTRL+CLOSE event signaled
[2015-04-23 18:42:03] [info]  [ 7960] Stopping service...
[2015-04-23 18:44:24] [info]  [ 2108] Commons Daemon procrun (1.0.15.0 64-bit) started
[2015-04-23 18:44:24] [info]  [ 2108] Debugging 'tomcat7' service...
[2015-04-23 18:44:24] [info]  [ 2108] Starting service...
[2015-04-23 18:44:25] [info]  [ 2108] Service started in 1218 ms.
[2015-04-23 18:53:25] [info]  [  204] Console CTRL+CLOSE event signaled
[2015-04-23 18:53:26] [info]  [  204] Stopping service...
