[2015-04-27 11:01:44] [info]  [11204] Commons Daemon procrun (1.0.15.0 64-bit) started
[2015-04-27 11:01:45] [info]  [11204] Debugging 'tomcat7' service...
[2015-04-27 11:01:46] [info]  [11204] Starting service...
[2015-04-27 11:01:49] [info]  [11204] Service started in 1312 ms.
[2015-04-27 11:09:06] [info]  [10488] Console CTRL+CLOSE event signaled
[2015-04-27 11:09:06] [info]  [10488] Stopping service...
[2015-04-27 11:11:23] [info]  [10108] Commons Daemon procrun (1.0.15.0 64-bit) started
[2015-04-27 11:11:23] [info]  [10108] Debugging 'tomcat7' service...
[2015-04-27 11:11:24] [info]  [10108] Starting service...
[2015-04-27 11:11:25] [info]  [10108] Service started in 1254 ms.
[2015-04-27 11:18:22] [info]  [ 5312] Console CTRL+CLOSE event signaled
[2015-04-27 11:18:23] [info]  [ 5312] Stopping service...
[2015-04-27 11:21:36] [info]  [ 3064] Commons Daemon procrun (1.0.15.0 64-bit) started
[2015-04-27 11:21:37] [info]  [ 3064] Debugging 'tomcat7' service...
[2015-04-27 11:21:38] [info]  [ 3064] Starting service...
[2015-04-27 11:21:39] [info]  [ 3064] Service started in 1250 ms.
[2015-04-27 11:42:35] [info]  [10516] Console CTRL+CLOSE event signaled
[2015-04-27 11:42:35] [info]  [10516] Stopping service...
[2015-04-27 11:47:32] [info]  [ 8644] Commons Daemon procrun (1.0.15.0 64-bit) started
[2015-04-27 11:47:32] [info]  [ 8644] Debugging 'tomcat7' service...
[2015-04-27 11:47:32] [info]  [ 8644] Starting service...
[2015-04-27 11:47:33] [info]  [ 8644] Service started in 1228 ms.
[2015-04-27 12:43:44] [info]  [ 9924] Console CTRL+CLOSE event signaled
[2015-04-27 12:43:44] [info]  [ 9924] Stopping service...
[2015-04-27 12:45:54] [info]  [  252] Commons Daemon procrun (1.0.15.0 64-bit) started
[2015-04-27 12:45:54] [info]  [  252] Debugging 'tomcat7' service...
[2015-04-27 12:45:54] [info]  [  252] Starting service...
[2015-04-27 12:45:56] [info]  [  252] Service started in 1511 ms.
[2015-04-27 12:51:04] [info]  [ 5760] Console CTRL+CLOSE event signaled
[2015-04-27 12:51:04] [info]  [ 5760] Stopping service...
[2015-04-27 14:33:42] [info]  [ 9200] Commons Daemon procrun (1.0.15.0 64-bit) started
[2015-04-27 14:33:42] [info]  [ 9200] Debugging 'tomcat7' service...
[2015-04-27 14:33:42] [info]  [ 9200] Starting service...
[2015-04-27 14:33:43] [info]  [ 9200] Service started in 1238 ms.
[2015-04-27 14:35:58] [info]  [10368] Console CTRL+CLOSE event signaled
[2015-04-27 14:35:58] [info]  [10368] Stopping service...
[2015-04-27 15:18:36] [info]  [ 7696] Commons Daemon procrun (1.0.15.0 64-bit) started
[2015-04-27 15:18:36] [info]  [ 7696] Debugging 'tomcat7' service...
[2015-04-27 15:18:36] [info]  [ 7696] Starting service...
[2015-04-27 15:18:37] [info]  [ 7696] Service started in 1271 ms.
[2015-04-27 15:24:36] [info]  [ 4256] Console CTRL+CLOSE event signaled
[2015-04-27 15:24:36] [info]  [ 4256] Stopping service...
[2015-04-27 15:29:25] [info]  [10460] Commons Daemon procrun (1.0.15.0 64-bit) started
[2015-04-27 15:29:25] [info]  [10460] Debugging 'tomcat7' service...
[2015-04-27 15:29:25] [info]  [10460] Starting service...
[2015-04-27 15:29:27] [info]  [10460] Service started in 1222 ms.
[2015-04-27 15:36:21] [info]  [ 7280] Console CTRL+CLOSE event signaled
[2015-04-27 15:36:21] [info]  [ 7280] Stopping service...
[2015-04-27 15:44:18] [info]  [ 8140] Commons Daemon procrun (1.0.15.0 64-bit) started
[2015-04-27 15:44:18] [info]  [ 8140] Debugging 'tomcat7' service...
[2015-04-27 15:44:18] [info]  [ 8140] Starting service...
[2015-04-27 15:44:20] [info]  [ 8140] Service started in 1271 ms.
[2015-04-27 15:51:14] [info]  [ 5032] Console CTRL+CLOSE event signaled
[2015-04-27 15:51:14] [info]  [ 5032] Stopping service...
[2015-04-27 15:56:34] [info]  [ 7996] Commons Daemon procrun (1.0.15.0 64-bit) started
[2015-04-27 15:56:34] [info]  [ 7996] Debugging 'tomcat7' service...
[2015-04-27 15:56:34] [info]  [ 7996] Starting service...
[2015-04-27 15:56:36] [info]  [ 7996] Service started in 1254 ms.
[2015-04-27 16:04:49] [info]  [ 7940] Console CTRL+CLOSE event signaled
[2015-04-27 16:04:49] [info]  [ 7940] Stopping service...
[2015-04-27 16:09:04] [info]  [10664] Commons Daemon procrun (1.0.15.0 64-bit) started
[2015-04-27 16:09:04] [info]  [10664] Debugging 'tomcat7' service...
[2015-04-27 16:09:04] [info]  [10664] Starting service...
[2015-04-27 16:09:05] [info]  [10664] Service started in 1255 ms.
[2015-04-27 16:15:02] [info]  [ 4688] Console CTRL+CLOSE event signaled
[2015-04-27 16:15:02] [info]  [ 4688] Stopping service...
[2015-04-27 16:20:37] [info]  [ 3064] Commons Daemon procrun (1.0.15.0 64-bit) started
[2015-04-27 16:20:37] [info]  [ 3064] Debugging 'tomcat7' service...
[2015-04-27 16:20:37] [info]  [ 3064] Starting service...
[2015-04-27 16:20:39] [info]  [ 3064] Service started in 1229 ms.
[2015-04-27 16:30:17] [info]  [ 3716] Console CTRL+CLOSE event signaled
[2015-04-27 16:30:17] [info]  [ 3716] Stopping service...
[2015-04-27 16:31:22] [info]  [ 7076] Commons Daemon procrun (1.0.15.0 64-bit) started
[2015-04-27 16:31:22] [info]  [ 7076] Debugging 'tomcat7' service...
[2015-04-27 16:31:22] [info]  [ 7076] Starting service...
[2015-04-27 16:31:24] [info]  [ 7076] Service started in 1241 ms.
[2015-04-27 16:48:51] [info]  [ 8788] Console CTRL+CLOSE event signaled
[2015-04-27 16:48:51] [info]  [ 8788] Stopping service...
[2015-04-27 16:51:20] [info]  [10352] Commons Daemon procrun (1.0.15.0 64-bit) started
[2015-04-27 16:51:20] [info]  [10352] Debugging 'tomcat7' service...
[2015-04-27 16:51:20] [info]  [10352] Starting service...
[2015-04-27 16:51:21] [info]  [10352] Service started in 1248 ms.
[2015-04-27 17:03:36] [info]  [12244] Console CTRL+CLOSE event signaled
[2015-04-27 17:03:36] [info]  [12244] Stopping service...
[2015-04-27 17:07:40] [info]  [  544] Commons Daemon procrun (1.0.15.0 64-bit) started
[2015-04-27 17:07:40] [info]  [  544] Debugging 'tomcat7' service...
[2015-04-27 17:07:40] [info]  [  544] Starting service...
[2015-04-27 17:07:41] [info]  [  544] Service started in 1238 ms.
[2015-04-27 17:21:13] [info]  [ 1560] Console CTRL+CLOSE event signaled
[2015-04-27 17:21:13] [info]  [ 1560] Stopping service...
[2015-04-27 17:38:09] [info]  [ 9140] Commons Daemon procrun (1.0.15.0 64-bit) started
[2015-04-27 17:38:09] [info]  [ 9140] Debugging 'tomcat7' service...
[2015-04-27 17:38:09] [info]  [ 9140] Starting service...
[2015-04-27 17:38:10] [info]  [ 9140] Service started in 1236 ms.
[2015-04-27 17:48:44] [info]  [ 1960] Console CTRL+CLOSE event signaled
[2015-04-27 17:48:45] [info]  [ 1960] Stopping service...
[2015-04-27 17:52:40] [info]  [11712] Commons Daemon procrun (1.0.15.0 64-bit) started
[2015-04-27 17:52:40] [info]  [11712] Debugging 'tomcat7' service...
[2015-04-27 17:52:40] [info]  [11712] Starting service...
[2015-04-27 17:52:41] [info]  [11712] Service started in 1233 ms.
[2015-04-27 18:14:44] [info]  [ 6124] Console CTRL+CLOSE event signaled
[2015-04-27 18:14:44] [info]  [ 6124] Stopping service...
