[2015-04-24 10:38:54] [info]  [10060] Commons Daemon procrun (1.0.15.0 64-bit) started
[2015-04-24 10:38:55] [info]  [10060] Debugging 'tomcat7' service...
[2015-04-24 10:38:55] [info]  [10060] Starting service...
[2015-04-24 10:38:56] [info]  [10060] Service started in 1256 ms.
[2015-04-24 10:48:53] [info]  [ 6016] Console CTRL+CLOSE event signaled
[2015-04-24 10:48:53] [info]  [ 6016] Stopping service...
[2015-04-24 10:52:29] [info]  [ 5460] Commons Daemon procrun (1.0.15.0 64-bit) started
[2015-04-24 10:52:29] [info]  [ 5460] Debugging 'tomcat7' service...
[2015-04-24 10:52:29] [info]  [ 5460] Starting service...
[2015-04-24 10:52:31] [info]  [ 5460] Service started in 1235 ms.
[2015-04-24 11:01:30] [info]  [ 7144] Console CTRL+CLOSE event signaled
[2015-04-24 11:01:30] [info]  [ 7144] Stopping service...
[2015-04-24 11:37:36] [info]  [ 2120] Commons Daemon procrun (1.0.15.0 64-bit) started
[2015-04-24 11:37:36] [info]  [ 2120] Debugging 'tomcat7' service...
[2015-04-24 11:37:36] [info]  [ 2120] Starting service...
[2015-04-24 11:37:38] [info]  [ 2120] Service started in 1251 ms.
[2015-04-24 11:40:01] [info]  [ 6300] Console CTRL+CLOSE event signaled
[2015-04-24 11:40:01] [info]  [ 6300] Stopping service...
[2015-04-24 11:40:51] [info]  [10488] Commons Daemon procrun (1.0.15.0 64-bit) started
[2015-04-24 11:40:51] [info]  [10488] Debugging 'tomcat7' service...
[2015-04-24 11:40:51] [info]  [10488] Starting service...
[2015-04-24 11:40:52] [info]  [10488] Service started in 1259 ms.
[2015-04-24 11:48:21] [info]  [ 8236] Console CTRL+CLOSE event signaled
[2015-04-24 11:48:21] [info]  [ 8236] Stopping service...
[2015-04-24 11:49:52] [info]  [11132] Commons Daemon procrun (1.0.15.0 64-bit) started
[2015-04-24 11:49:52] [info]  [11132] Debugging 'tomcat7' service...
[2015-04-24 11:49:52] [info]  [11132] Starting service...
[2015-04-24 11:49:53] [info]  [11132] Service started in 1248 ms.
[2015-04-24 11:55:32] [info]  [ 6308] Console CTRL+CLOSE event signaled
[2015-04-24 11:55:32] [info]  [ 6308] Stopping service...
[2015-04-24 11:56:33] [info]  [ 1184] Commons Daemon procrun (1.0.15.0 64-bit) started
[2015-04-24 11:56:33] [info]  [ 1184] Debugging 'tomcat7' service...
[2015-04-24 11:56:33] [info]  [ 1184] Starting service...
[2015-04-24 11:56:35] [info]  [ 1184] Service started in 1275 ms.
[2015-04-24 12:01:33] [info]  [ 1080] Console CTRL+CLOSE event signaled
[2015-04-24 12:01:33] [info]  [ 1080] Stopping service...
[2015-04-24 12:06:23] [info]  [ 6768] Commons Daemon procrun (1.0.15.0 64-bit) started
[2015-04-24 12:06:23] [info]  [ 6768] Debugging 'tomcat7' service...
[2015-04-24 12:06:23] [info]  [ 6768] Starting service...
[2015-04-24 12:06:25] [info]  [ 6768] Service started in 1232 ms.
[2015-04-24 12:18:22] [info]  [ 4188] Console CTRL+CLOSE event signaled
[2015-04-24 12:18:22] [info]  [ 4188] Stopping service...
[2015-04-24 12:21:03] [info]  [ 6332] Commons Daemon procrun (1.0.15.0 64-bit) started
[2015-04-24 12:21:03] [info]  [ 6332] Debugging 'tomcat7' service...
[2015-04-24 12:21:03] [info]  [ 6332] Starting service...
[2015-04-24 12:21:05] [info]  [ 6332] Service started in 1294 ms.
[2015-04-24 12:26:33] [info]  [11260] Console CTRL+CLOSE event signaled
[2015-04-24 12:26:33] [info]  [11260] Stopping service...
[2015-04-24 12:28:40] [info]  [ 6252] Commons Daemon procrun (1.0.15.0 64-bit) started
[2015-04-24 12:28:40] [info]  [ 6252] Debugging 'tomcat7' service...
[2015-04-24 12:28:40] [info]  [ 6252] Starting service...
[2015-04-24 12:28:42] [info]  [ 6252] Service started in 1248 ms.
[2015-04-24 12:30:50] [info]  [ 4028] Console CTRL+CLOSE event signaled
[2015-04-24 12:30:50] [info]  [ 4028] Stopping service...
[2015-04-24 12:31:29] [info]  [ 4616] Commons Daemon procrun (1.0.15.0 64-bit) started
[2015-04-24 12:31:29] [info]  [ 4616] Debugging 'tomcat7' service...
[2015-04-24 12:31:29] [info]  [ 4616] Starting service...
[2015-04-24 12:31:30] [info]  [ 4616] Service started in 1258 ms.
[2015-04-24 12:36:55] [info]  [ 3900] Console CTRL+CLOSE event signaled
[2015-04-24 12:36:55] [info]  [ 3900] Stopping service...
[2015-04-24 12:47:42] [info]  [ 1888] Commons Daemon procrun (1.0.15.0 64-bit) started
[2015-04-24 12:47:42] [info]  [ 1888] Debugging 'tomcat7' service...
[2015-04-24 12:47:42] [info]  [ 1888] Starting service...
[2015-04-24 12:47:44] [info]  [ 1888] Service started in 1281 ms.
[2015-04-24 12:56:00] [info]  [ 6884] Console CTRL+CLOSE event signaled
[2015-04-24 12:56:00] [info]  [ 6884] Stopping service...
[2015-04-24 13:01:08] [info]  [ 2784] Commons Daemon procrun (1.0.15.0 64-bit) started
[2015-04-24 13:01:08] [info]  [ 2784] Debugging 'tomcat7' service...
[2015-04-24 13:01:08] [info]  [ 2784] Starting service...
[2015-04-24 13:01:10] [info]  [ 2784] Service started in 1228 ms.
[2015-04-24 13:46:34] [info]  [ 7384] Console CTRL+CLOSE event signaled
[2015-04-24 13:46:34] [info]  [ 7384] Stopping service...
[2015-04-24 13:47:24] [info]  [ 6596] Commons Daemon procrun (1.0.15.0 64-bit) started
[2015-04-24 13:47:24] [info]  [ 6596] Debugging 'tomcat7' service...
[2015-04-24 13:47:24] [info]  [ 6596] Starting service...
[2015-04-24 13:47:25] [info]  [ 6596] Service started in 1283 ms.
[2015-04-24 13:56:57] [info]  [ 9428] Console CTRL+CLOSE event signaled
[2015-04-24 13:56:57] [info]  [ 9428] Stopping service...
[2015-04-24 13:57:02] [info]  [ 9428] Service stop thread completed.
[2015-04-24 13:57:48] [info]  [ 9808] Commons Daemon procrun (1.0.15.0 64-bit) started
[2015-04-24 13:57:48] [info]  [ 9808] Debugging 'tomcat7' service...
[2015-04-24 13:57:48] [info]  [ 9808] Starting service...
[2015-04-24 13:57:49] [info]  [ 9808] Service started in 1261 ms.
[2015-04-24 13:59:49] [info]  [  672] Console CTRL+CLOSE event signaled
[2015-04-24 13:59:49] [info]  [  672] Stopping service...
[2015-04-24 14:02:56] [info]  [ 6916] Commons Daemon procrun (1.0.15.0 64-bit) started
[2015-04-24 14:02:56] [info]  [ 6916] Debugging 'tomcat7' service...
[2015-04-24 14:02:56] [info]  [ 6916] Starting service...
[2015-04-24 14:02:57] [info]  [ 6916] Service started in 1255 ms.
[2015-04-24 14:37:03] [info]  [10776] Console CTRL+CLOSE event signaled
[2015-04-24 14:37:03] [info]  [10776] Stopping service...
[2015-04-24 14:46:18] [info]  [ 8616] Commons Daemon procrun (1.0.15.0 64-bit) started
[2015-04-24 14:46:18] [info]  [ 8616] Debugging 'tomcat7' service...
[2015-04-24 14:46:18] [info]  [ 8616] Starting service...
[2015-04-24 14:46:19] [info]  [ 8616] Service started in 1275 ms.
[2015-04-24 15:40:28] [info]  [ 8388] Console CTRL+CLOSE event signaled
[2015-04-24 15:40:28] [info]  [ 8388] Stopping service...
[2015-04-24 15:41:20] [info]  [ 9772] Commons Daemon procrun (1.0.15.0 64-bit) started
[2015-04-24 15:41:20] [info]  [ 9772] Debugging 'tomcat7' service...
[2015-04-24 15:41:20] [info]  [ 9772] Starting service...
[2015-04-24 15:41:22] [info]  [ 9772] Service started in 1236 ms.
[2015-04-24 15:50:08] [info]  [ 8428] Console CTRL+CLOSE event signaled
[2015-04-24 15:50:08] [info]  [ 8428] Stopping service...
[2015-04-24 15:53:49] [info]  [ 7776] Commons Daemon procrun (1.0.15.0 64-bit) started
[2015-04-24 15:53:49] [info]  [ 7776] Debugging 'tomcat7' service...
[2015-04-24 15:53:49] [info]  [ 7776] Starting service...
[2015-04-24 15:53:51] [info]  [ 7776] Service started in 1250 ms.
[2015-04-24 16:00:06] [info]  [ 8308] Console CTRL+CLOSE event signaled
[2015-04-24 16:00:06] [info]  [ 8308] Stopping service...
[2015-04-24 16:02:06] [info]  [ 9840] Commons Daemon procrun (1.0.15.0 64-bit) started
[2015-04-24 16:02:06] [info]  [ 9840] Debugging 'tomcat7' service...
[2015-04-24 16:02:06] [info]  [ 9840] Starting service...
[2015-04-24 16:02:07] [info]  [ 9840] Service started in 1230 ms.
[2015-04-24 16:12:13] [info]  [ 9300] Console CTRL+CLOSE event signaled
[2015-04-24 16:12:13] [info]  [ 9300] Stopping service...
[2015-04-24 16:20:13] [info]  [ 9052] Commons Daemon procrun (1.0.15.0 64-bit) started
[2015-04-24 16:20:13] [info]  [ 9052] Debugging 'tomcat7' service...
[2015-04-24 16:20:13] [info]  [ 9052] Starting service...
[2015-04-24 16:20:14] [info]  [ 9052] Service started in 1247 ms.
[2015-04-24 16:32:58] [info]  [10468] Console CTRL+CLOSE event signaled
[2015-04-24 16:32:58] [info]  [10468] Stopping service...
[2015-04-24 16:37:21] [info]  [ 9664] Commons Daemon procrun (1.0.15.0 64-bit) started
[2015-04-24 16:37:21] [info]  [ 9664] Debugging 'tomcat7' service...
[2015-04-24 16:37:21] [info]  [ 9664] Starting service...
[2015-04-24 16:37:23] [info]  [ 9664] Service started in 1235 ms.
[2015-04-24 16:42:56] [info]  [ 6284] Console CTRL+CLOSE event signaled
[2015-04-24 16:42:56] [info]  [ 6284] Stopping service...
[2015-04-24 16:46:55] [info]  [ 5724] Commons Daemon procrun (1.0.15.0 64-bit) started
[2015-04-24 16:46:55] [info]  [ 5724] Debugging 'tomcat7' service...
[2015-04-24 16:46:55] [info]  [ 5724] Starting service...
[2015-04-24 16:46:56] [info]  [ 5724] Service started in 1278 ms.
[2015-04-24 16:58:38] [info]  [ 1116] Console CTRL+CLOSE event signaled
[2015-04-24 16:58:38] [info]  [ 1116] Stopping service...
[2015-04-24 17:01:07] [info]  [10428] Commons Daemon procrun (1.0.15.0 64-bit) started
[2015-04-24 17:01:07] [info]  [10428] Debugging 'tomcat7' service...
[2015-04-24 17:01:07] [info]  [10428] Starting service...
[2015-04-24 17:01:08] [info]  [10428] Service started in 1245 ms.
[2015-04-24 17:09:08] [info]  [ 4960] Console CTRL+CLOSE event signaled
[2015-04-24 17:09:08] [info]  [ 4960] Stopping service...
[2015-04-24 17:55:53] [info]  [ 5956] Commons Daemon procrun (1.0.15.0 64-bit) started
[2015-04-24 17:55:53] [info]  [ 5956] Debugging 'tomcat7' service...
[2015-04-24 17:55:53] [info]  [ 5956] Starting service...
[2015-04-24 17:55:54] [info]  [ 5956] Service started in 1253 ms.
[2015-04-24 18:12:08] [info]  [ 3480] Console CTRL+CLOSE event signaled
[2015-04-24 18:12:08] [info]  [ 3480] Stopping service...
[2015-04-24 18:13:58] [info]  [ 5180] Commons Daemon procrun (1.0.15.0 64-bit) started
[2015-04-24 18:13:58] [info]  [ 5180] Debugging 'tomcat7' service...
[2015-04-24 18:13:58] [info]  [ 5180] Starting service...
[2015-04-24 18:13:59] [info]  [ 5180] Service started in 1239 ms.
[2015-04-24 18:36:39] [info]  [ 6592] Console CTRL+CLOSE event signaled
[2015-04-24 18:36:39] [info]  [ 6592] Stopping service...
[2015-04-24 18:38:39] [info]  [ 9112] Commons Daemon procrun (1.0.15.0 64-bit) started
[2015-04-24 18:38:39] [info]  [ 9112] Debugging 'tomcat7' service...
[2015-04-24 18:38:39] [info]  [ 9112] Starting service...
[2015-04-24 18:38:40] [info]  [ 9112] Service started in 1347 ms.
[2015-04-24 18:54:07] [info]  [ 9876] Console CTRL+CLOSE event signaled
[2015-04-24 18:54:07] [info]  [ 9876] Stopping service...
[2015-04-24 18:54:37] [info]  [ 3700] Commons Daemon procrun (1.0.15.0 64-bit) started
[2015-04-24 18:54:37] [info]  [ 3700] Debugging 'tomcat7' service...
[2015-04-24 18:54:37] [info]  [ 3700] Starting service...
[2015-04-24 18:54:38] [info]  [ 3700] Service started in 1278 ms.
[2015-04-24 19:02:26] [info]  [ 9928] Console CTRL+CLOSE event signaled
[2015-04-24 19:02:26] [info]  [ 9928] Stopping service...
[2015-04-24 20:44:15] [info]  [10136] Commons Daemon procrun (1.0.15.0 64-bit) started
[2015-04-24 20:44:15] [info]  [10136] Debugging 'tomcat7' service...
[2015-04-24 20:44:15] [info]  [10136] Starting service...
[2015-04-24 20:44:17] [info]  [10136] Service started in 1313 ms.
[2015-04-24 20:53:00] [info]  [ 9072] Console CTRL+CLOSE event signaled
[2015-04-24 20:53:00] [info]  [ 9072] Stopping service...
[2015-04-24 20:55:33] [info]  [10104] Commons Daemon procrun (1.0.15.0 64-bit) started
[2015-04-24 20:55:33] [info]  [10104] Debugging 'tomcat7' service...
[2015-04-24 20:55:33] [info]  [10104] Starting service...
[2015-04-24 20:55:35] [info]  [10104] Service started in 1350 ms.
[2015-04-24 21:06:10] [info]  [ 1112] Console CTRL+CLOSE event signaled
[2015-04-24 21:06:10] [info]  [ 1112] Stopping service...
[2015-04-24 21:13:16] [info]  [ 8636] Commons Daemon procrun (1.0.15.0 64-bit) started
[2015-04-24 21:13:16] [info]  [ 8636] Debugging 'tomcat7' service...
[2015-04-24 21:13:16] [info]  [ 8636] Starting service...
[2015-04-24 21:13:18] [info]  [ 8636] Service started in 1360 ms.
[2015-04-24 21:39:17] [info]  [ 7236] Console CTRL+CLOSE event signaled
[2015-04-24 21:39:17] [info]  [ 7236] Stopping service...
[2015-04-24 21:42:52] [info]  [ 3416] Commons Daemon procrun (1.0.15.0 64-bit) started
[2015-04-24 21:42:52] [info]  [ 3416] Debugging 'tomcat7' service...
[2015-04-24 21:42:52] [info]  [ 3416] Starting service...
[2015-04-24 21:42:54] [info]  [ 3416] Service started in 1345 ms.
[2015-04-24 21:50:30] [info]  [ 9160] Console CTRL+CLOSE event signaled
[2015-04-24 21:50:30] [info]  [ 9160] Stopping service...
