[2015-04-26 00:44:58] [info]  [ 1800] Commons Daemon procrun (1.0.15.0 64-bit) started
[2015-04-26 00:44:58] [info]  [ 1800] Debugging 'tomcat7' service...
[2015-04-26 00:44:58] [info]  [ 1800] Starting service...
[2015-04-26 00:44:59] [info]  [ 1800] Service started in 1256 ms.
[2015-04-26 01:05:36] [info]  [ 6440] Console CTRL+CLOSE event signaled
[2015-04-26 01:05:36] [info]  [ 6440] Stopping service...
[2015-04-26 01:07:27] [info]  [ 9656] Commons Daemon procrun (1.0.15.0 64-bit) started
[2015-04-26 01:07:27] [info]  [ 9656] Debugging 'tomcat7' service...
[2015-04-26 01:07:27] [info]  [ 9656] Starting service...
[2015-04-26 01:07:28] [info]  [ 9656] Service started in 1269 ms.
[2015-04-26 01:15:21] [info]  [10600] Console CTRL+CLOSE event signaled
[2015-04-26 01:15:21] [info]  [10600] Stopping service...
[2015-04-26 01:17:28] [info]  [ 6476] Commons Daemon procrun (1.0.15.0 64-bit) started
[2015-04-26 01:17:28] [info]  [ 6476] Debugging 'tomcat7' service...
[2015-04-26 01:17:28] [info]  [ 6476] Starting service...
[2015-04-26 01:17:29] [info]  [ 6476] Service started in 1235 ms.
[2015-04-26 01:31:37] [info]  [ 6684] Console CTRL+CLOSE event signaled
[2015-04-26 01:31:37] [info]  [ 6684] Stopping service...
[2015-04-26 01:33:20] [info]  [ 9204] Commons Daemon procrun (1.0.15.0 64-bit) started
[2015-04-26 01:33:20] [info]  [ 9204] Debugging 'tomcat7' service...
[2015-04-26 01:33:20] [info]  [ 9204] Starting service...
[2015-04-26 01:33:21] [info]  [ 9204] Service started in 1231 ms.
[2015-04-26 01:39:57] [info]  [ 3364] Console CTRL+CLOSE event signaled
[2015-04-26 01:39:57] [info]  [ 3364] Stopping service...
